<?xml version="1.0" encoding="UTF-8"?>
<robot generator="Robot 5.0.1 (Python 3.10.8 on linux)" generated="20221116 22:02:02.363" rpa="false" schemaversion="3">
<suite id="s1" name="Robot" source="/home/runner/work/team-4-snakes-r-us/team-4-snakes-r-us/tests/robot">
<suite id="s1-s1" name="Data Driven" source="/home/runner/work/team-4-snakes-r-us/team-4-snakes-r-us/tests/robot/data_driven.robot">
<test id="s1-s1-t1" name="Arbitrary name" line="7">
<kw name="Start new game with character">
<arg>Trogdor</arg>
<arg>Trogdor</arg>
<kw name="Initialize Controller" library="GameControllerLibrary">
<status status="PASS" starttime="20221116 22:02:02.390" endtime="20221116 22:02:02.390"/>
</kw>
<kw name="Create Character With Name" library="GameControllerLibrary">
<arg>${provided}</arg>
<status status="PASS" starttime="20221116 22:02:02.390" endtime="20221116 22:02:02.391"/>
</kw>
<kw name="Character Name Should Be" library="GameControllerLibrary">
<arg>${actual}</arg>
<status status="PASS" starttime="20221116 22:02:02.391" endtime="20221116 22:02:02.391"/>
</kw>
<status status="PASS" starttime="20221116 22:02:02.390" endtime="20221116 22:02:02.391"/>
</kw>
<status status="PASS" starttime="20221116 22:02:02.389" endtime="20221116 22:02:02.391"/>
</test>
<test id="s1-s1-t2" name="Blank character name" line="8">
<kw name="Start new game with character">
<arg>${EMPTY}</arg>
<arg>Character</arg>
<kw name="Initialize Controller" library="GameControllerLibrary">
<status status="PASS" starttime="20221116 22:02:02.392" endtime="20221116 22:02:02.393"/>
</kw>
<kw name="Create Character With Name" library="GameControllerLibrary">
<arg>${provided}</arg>
<status status="PASS" starttime="20221116 22:02:02.393" endtime="20221116 22:02:02.393"/>
</kw>
<kw name="Character Name Should Be" library="GameControllerLibrary">
<arg>${actual}</arg>
<status status="PASS" starttime="20221116 22:02:02.393" endtime="20221116 22:02:02.393"/>
</kw>
<status status="PASS" starttime="20221116 22:02:02.392" endtime="20221116 22:02:02.393"/>
</kw>
<status status="PASS" starttime="20221116 22:02:02.391" endtime="20221116 22:02:02.393"/>
</test>
<doc>Example test case using the data-driven (table) syntax.</doc>
<status status="PASS" starttime="20221116 22:02:02.384" endtime="20221116 22:02:02.394"/>
</suite>
<suite id="s1-s2" name="Gherkin" source="/home/runner/work/team-4-snakes-r-us/team-4-snakes-r-us/tests/robot/gherkin.robot">
<test id="s1-s2-t1" name="Game controller initialized with character name" line="6">
<kw name="Given controller has been initialized">
<kw name="Initialize Controller" library="GameControllerLibrary">
<status status="PASS" starttime="20221116 22:02:02.398" endtime="20221116 22:02:02.398"/>
</kw>
<status status="PASS" starttime="20221116 22:02:02.397" endtime="20221116 22:02:02.398"/>
</kw>
<kw name="When character is created with name &quot;ArbitraryName&quot;" sourcename="Character is created with name &quot;${provided}&quot;">
<kw name="Create Character With Name" library="GameControllerLibrary">
<arg>${provided}</arg>
<status status="PASS" starttime="20221116 22:02:02.398" endtime="20221116 22:02:02.398"/>
</kw>
<status status="PASS" starttime="20221116 22:02:02.398" endtime="20221116 22:02:02.399"/>
</kw>
<kw name="Then actual character name is &quot;ArbitraryName&quot;" sourcename="Actual character name is &quot;${actual}&quot;">
<kw name="Character Name Should Be" library="GameControllerLibrary">
<arg>${actual}</arg>
<status status="PASS" starttime="20221116 22:02:02.399" endtime="20221116 22:02:02.399"/>
</kw>
<status status="PASS" starttime="20221116 22:02:02.399" endtime="20221116 22:02:02.399"/>
</kw>
<status status="PASS" starttime="20221116 22:02:02.397" endtime="20221116 22:02:02.399"/>
</test>
<test id="s1-s2-t2" name="Game controller initialized without character name" line="11">
<kw name="Given controller has been initialized">
<kw name="Initialize Controller" library="GameControllerLibrary">
<status status="PASS" starttime="20221116 22:02:02.400" endtime="20221116 22:02:02.400"/>
</kw>
<status status="PASS" starttime="20221116 22:02:02.400" endtime="20221116 22:02:02.401"/>
</kw>
<kw name="When character is created with name &quot;&quot;" sourcename="Character is created with name &quot;${provided}&quot;">
<kw name="Create Character With Name" library="GameControllerLibrary">
<arg>${provided}</arg>
<status status="PASS" starttime="20221116 22:02:02.401" endtime="20221116 22:02:02.401"/>
</kw>
<status status="PASS" starttime="20221116 22:02:02.401" endtime="20221116 22:02:02.401"/>
</kw>
<kw name="Then actual character name is &quot;Character&quot;" sourcename="Actual character name is &quot;${actual}&quot;">
<kw name="Character Name Should Be" library="GameControllerLibrary">
<arg>${actual}</arg>
<status status="PASS" starttime="20221116 22:02:02.402" endtime="20221116 22:02:02.402"/>
</kw>
<status status="PASS" starttime="20221116 22:02:02.401" endtime="20221116 22:02:02.402"/>
</kw>
<status status="PASS" starttime="20221116 22:02:02.400" endtime="20221116 22:02:02.402"/>
</test>
<doc>Example test case using the gherkin syntax.</doc>
<status status="PASS" starttime="20221116 22:02:02.394" endtime="20221116 22:02:02.402"/>
</suite>
<status status="PASS" starttime="20221116 22:02:02.364" endtime="20221116 22:02:02.403"/>
</suite>
<statistics>
<total>
<stat pass="4" fail="0" skip="0">All Tests</stat>
</total>
<tag>
</tag>
<suite>
<stat pass="4" fail="0" skip="0" id="s1" name="Robot">Robot</stat>
<stat pass="2" fail="0" skip="0" id="s1-s1" name="Data Driven">Robot.Data Driven</stat>
<stat pass="2" fail="0" skip="0" id="s1-s2" name="Gherkin">Robot.Gherkin</stat>
</suite>
</statistics>
<errors>
</errors>
</robot>
