<?xml version="1.0" encoding="UTF-8"?>
<robot generator="Robot 5.0.1 (Python 3.10.8 on linux)" generated="20221116 21:46:23.980" rpa="false" schemaversion="3">
<suite id="s1" name="Robot" source="/home/runner/work/team-4-snakes-r-us/team-4-snakes-r-us/tests/robot">
<suite id="s1-s1" name="Data Driven" source="/home/runner/work/team-4-snakes-r-us/team-4-snakes-r-us/tests/robot/data_driven.robot">
<test id="s1-s1-t1" name="Arbitrary name" line="7">
<kw name="Start new game with character">
<arg>Trogdor</arg>
<arg>Trogdor</arg>
<kw name="Initialize Controller" library="GameControllerLibrary">
<status status="PASS" starttime="20221116 21:46:24.008" endtime="20221116 21:46:24.008"/>
</kw>
<kw name="Create Character With Name" library="GameControllerLibrary">
<arg>${provided}</arg>
<status status="PASS" starttime="20221116 21:46:24.008" endtime="20221116 21:46:24.008"/>
</kw>
<kw name="Character Name Should Be" library="GameControllerLibrary">
<arg>${actual}</arg>
<status status="PASS" starttime="20221116 21:46:24.008" endtime="20221116 21:46:24.008"/>
</kw>
<status status="PASS" starttime="20221116 21:46:24.007" endtime="20221116 21:46:24.009"/>
</kw>
<status status="PASS" starttime="20221116 21:46:24.007" endtime="20221116 21:46:24.009"/>
</test>
<test id="s1-s1-t2" name="Blank character name" line="8">
<kw name="Start new game with character">
<arg>${EMPTY}</arg>
<arg>Character</arg>
<kw name="Initialize Controller" library="GameControllerLibrary">
<status status="PASS" starttime="20221116 21:46:24.010" endtime="20221116 21:46:24.010"/>
</kw>
<kw name="Create Character With Name" library="GameControllerLibrary">
<arg>${provided}</arg>
<status status="PASS" starttime="20221116 21:46:24.010" endtime="20221116 21:46:24.010"/>
</kw>
<kw name="Character Name Should Be" library="GameControllerLibrary">
<arg>${actual}</arg>
<status status="PASS" starttime="20221116 21:46:24.010" endtime="20221116 21:46:24.011"/>
</kw>
<status status="PASS" starttime="20221116 21:46:24.009" endtime="20221116 21:46:24.011"/>
</kw>
<status status="PASS" starttime="20221116 21:46:24.009" endtime="20221116 21:46:24.011"/>
</test>
<doc>Example test case using the data-driven (table) syntax.</doc>
<status status="PASS" starttime="20221116 21:46:24.001" endtime="20221116 21:46:24.011"/>
</suite>
<suite id="s1-s2" name="Gherkin" source="/home/runner/work/team-4-snakes-r-us/team-4-snakes-r-us/tests/robot/gherkin.robot">
<test id="s1-s2-t1" name="Game controller initialized with character name" line="6">
<kw name="Given controller has been initialized">
<kw name="Initialize Controller" library="GameControllerLibrary">
<status status="PASS" starttime="20221116 21:46:24.015" endtime="20221116 21:46:24.015"/>
</kw>
<status status="PASS" starttime="20221116 21:46:24.015" endtime="20221116 21:46:24.015"/>
</kw>
<kw name="When character is created with name &quot;ArbitraryName&quot;" sourcename="Character is created with name &quot;${provided}&quot;">
<kw name="Create Character With Name" library="GameControllerLibrary">
<arg>${provided}</arg>
<status status="PASS" starttime="20221116 21:46:24.016" endtime="20221116 21:46:24.016"/>
</kw>
<status status="PASS" starttime="20221116 21:46:24.016" endtime="20221116 21:46:24.016"/>
</kw>
<kw name="Then actual character name is &quot;ArbitraryName&quot;" sourcename="Actual character name is &quot;${actual}&quot;">
<kw name="Character Name Should Be" library="GameControllerLibrary">
<arg>${actual}</arg>
<status status="PASS" starttime="20221116 21:46:24.016" endtime="20221116 21:46:24.017"/>
</kw>
<status status="PASS" starttime="20221116 21:46:24.016" endtime="20221116 21:46:24.017"/>
</kw>
<status status="PASS" starttime="20221116 21:46:24.014" endtime="20221116 21:46:24.017"/>
</test>
<test id="s1-s2-t2" name="Game controller initialized without character name" line="11">
<kw name="Given controller has been initialized">
<kw name="Initialize Controller" library="GameControllerLibrary">
<status status="PASS" starttime="20221116 21:46:24.018" endtime="20221116 21:46:24.018"/>
</kw>
<status status="PASS" starttime="20221116 21:46:24.017" endtime="20221116 21:46:24.018"/>
</kw>
<kw name="When character is created with name &quot;&quot;" sourcename="Character is created with name &quot;${provided}&quot;">
<kw name="Create Character With Name" library="GameControllerLibrary">
<arg>${provided}</arg>
<status status="PASS" starttime="20221116 21:46:24.018" endtime="20221116 21:46:24.018"/>
</kw>
<status status="PASS" starttime="20221116 21:46:24.018" endtime="20221116 21:46:24.019"/>
</kw>
<kw name="Then actual character name is &quot;Character&quot;" sourcename="Actual character name is &quot;${actual}&quot;">
<kw name="Character Name Should Be" library="GameControllerLibrary">
<arg>${actual}</arg>
<status status="PASS" starttime="20221116 21:46:24.019" endtime="20221116 21:46:24.019"/>
</kw>
<status status="PASS" starttime="20221116 21:46:24.019" endtime="20221116 21:46:24.019"/>
</kw>
<status status="PASS" starttime="20221116 21:46:24.017" endtime="20221116 21:46:24.019"/>
</test>
<doc>Example test case using the gherkin syntax.</doc>
<status status="PASS" starttime="20221116 21:46:24.012" endtime="20221116 21:46:24.020"/>
</suite>
<status status="PASS" starttime="20221116 21:46:23.981" endtime="20221116 21:46:24.020"/>
</suite>
<statistics>
<total>
<stat pass="4" fail="0" skip="0">All Tests</stat>
</total>
<tag>
</tag>
<suite>
<stat pass="4" fail="0" skip="0" id="s1" name="Robot">Robot</stat>
<stat pass="2" fail="0" skip="0" id="s1-s1" name="Data Driven">Robot.Data Driven</stat>
<stat pass="2" fail="0" skip="0" id="s1-s2" name="Gherkin">Robot.Gherkin</stat>
</suite>
</statistics>
<errors>
</errors>
</robot>
