<?xml version="1.0" encoding="UTF-8"?>
<robot generator="Robot 5.0.1 (Python 3.10.8 on linux)" generated="20221118 16:52:41.172" rpa="false" schemaversion="3">
<suite id="s1" name="Robot" source="/home/runner/work/team-4-snakes-r-us/team-4-snakes-r-us/tests/robot">
<suite id="s1-s1" name="Data Driven" source="/home/runner/work/team-4-snakes-r-us/team-4-snakes-r-us/tests/robot/data_driven.robot">
<test id="s1-s1-t1" name="Arbitrary name" line="7">
<kw name="Start new game with character">
<arg>Trogdor</arg>
<arg>Trogdor</arg>
<kw name="Initialize controller">
<msg timestamp="20221118 16:52:41.199" level="FAIL">No keyword with name 'Initialize controller' found.</msg>
<status status="FAIL" starttime="20221118 16:52:41.199" endtime="20221118 16:52:41.199"/>
</kw>
<kw name="Create character with name">
<arg>${provided}</arg>
<status status="NOT RUN" starttime="20221118 16:52:41.201" endtime="20221118 16:52:41.201"/>
</kw>
<kw name="Character name should be">
<arg>${actual}</arg>
<status status="NOT RUN" starttime="20221118 16:52:41.202" endtime="20221118 16:52:41.202"/>
</kw>
<status status="FAIL" starttime="20221118 16:52:41.197" endtime="20221118 16:52:41.203"/>
</kw>
<status status="FAIL" starttime="20221118 16:52:41.197" endtime="20221118 16:52:41.203">No keyword with name 'Initialize controller' found.</status>
</test>
<test id="s1-s1-t2" name="Blank character name" line="8">
<kw name="Start new game with character">
<arg>${EMPTY}</arg>
<arg>Character</arg>
<kw name="Initialize controller">
<msg timestamp="20221118 16:52:41.206" level="FAIL">No keyword with name 'Initialize controller' found.</msg>
<status status="FAIL" starttime="20221118 16:52:41.206" endtime="20221118 16:52:41.206"/>
</kw>
<kw name="Create character with name">
<arg>${provided}</arg>
<status status="NOT RUN" starttime="20221118 16:52:41.208" endtime="20221118 16:52:41.208"/>
</kw>
<kw name="Character name should be">
<arg>${actual}</arg>
<status status="NOT RUN" starttime="20221118 16:52:41.209" endtime="20221118 16:52:41.209"/>
</kw>
<status status="FAIL" starttime="20221118 16:52:41.204" endtime="20221118 16:52:41.210"/>
</kw>
<status status="FAIL" starttime="20221118 16:52:41.204" endtime="20221118 16:52:41.210">No keyword with name 'Initialize controller' found.</status>
</test>
<doc>Example test case using the data-driven (table) syntax.</doc>
<status status="FAIL" starttime="20221118 16:52:41.192" endtime="20221118 16:52:41.210"/>
</suite>
<suite id="s1-s2" name="Gherkin" source="/home/runner/work/team-4-snakes-r-us/team-4-snakes-r-us/tests/robot/gherkin.robot">
<test id="s1-s2-t1" name="Game controller initialized with character name" line="6">
<kw name="Given controller has been initialized">
<kw name="Initialize controller">
<msg timestamp="20221118 16:52:41.217" level="FAIL">No keyword with name 'Initialize controller' found.</msg>
<status status="FAIL" starttime="20221118 16:52:41.217" endtime="20221118 16:52:41.217"/>
</kw>
<status status="FAIL" starttime="20221118 16:52:41.215" endtime="20221118 16:52:41.217"/>
</kw>
<kw name="When character is created with name &quot;ArbitraryName&quot;" sourcename="Character is created with name &quot;${provided}&quot;">
<status status="NOT RUN" starttime="20221118 16:52:41.218" endtime="20221118 16:52:41.218"/>
</kw>
<kw name="Then actual character name is &quot;ArbitraryName&quot;" sourcename="Actual character name is &quot;${actual}&quot;">
<status status="NOT RUN" starttime="20221118 16:52:41.218" endtime="20221118 16:52:41.218"/>
</kw>
<status status="FAIL" starttime="20221118 16:52:41.215" endtime="20221118 16:52:41.218">No keyword with name 'Initialize controller' found.</status>
</test>
<test id="s1-s2-t2" name="Game controller initialized without character name" line="11">
<kw name="Given controller has been initialized">
<kw name="Initialize controller">
<msg timestamp="20221118 16:52:41.221" level="FAIL">No keyword with name 'Initialize controller' found.</msg>
<status status="FAIL" starttime="20221118 16:52:41.220" endtime="20221118 16:52:41.221"/>
</kw>
<status status="FAIL" starttime="20221118 16:52:41.219" endtime="20221118 16:52:41.221"/>
</kw>
<kw name="When character is created with name &quot;&quot;" sourcename="Character is created with name &quot;${provided}&quot;">
<status status="NOT RUN" starttime="20221118 16:52:41.221" endtime="20221118 16:52:41.221"/>
</kw>
<kw name="Then actual character name is &quot;Character&quot;" sourcename="Actual character name is &quot;${actual}&quot;">
<status status="NOT RUN" starttime="20221118 16:52:41.222" endtime="20221118 16:52:41.222"/>
</kw>
<status status="FAIL" starttime="20221118 16:52:41.218" endtime="20221118 16:52:41.222">No keyword with name 'Initialize controller' found.</status>
</test>
<doc>Example test case using the gherkin syntax.</doc>
<status status="FAIL" starttime="20221118 16:52:41.211" endtime="20221118 16:52:41.222"/>
</suite>
<suite id="s1-s3" name="Move" source="/home/runner/work/team-4-snakes-r-us/team-4-snakes-r-us/tests/robot/move.robot">
<test id="s1-s3-t1" name="Move in middle of board" line="7">
<kw name="Move character">
<arg>0</arg>
<arg>0</arg>
<arg>NORTH</arg>
<arg>0</arg>
<arg>1</arg>
<kw name="Initialize character xposition with">
<arg>${startingX}</arg>
<msg timestamp="20221118 16:52:41.229" level="FAIL">No keyword with name 'Initialize character xposition with' found.</msg>
<status status="FAIL" starttime="20221118 16:52:41.229" endtime="20221118 16:52:41.229"/>
</kw>
<kw name="Initialize character yposition with">
<arg>${startingY}</arg>
<status status="NOT RUN" starttime="20221118 16:52:41.230" endtime="20221118 16:52:41.230"/>
</kw>
<kw name="Move in direction">
<arg>${direction}</arg>
<status status="NOT RUN" starttime="20221118 16:52:41.231" endtime="20221118 16:52:41.231"/>
</kw>
<kw name="Character xposition should be">
<arg>${endingX}</arg>
<status status="NOT RUN" starttime="20221118 16:52:41.233" endtime="20221118 16:52:41.233"/>
</kw>
<kw name="Character yposition should be">
<arg>${endingY}</arg>
<status status="NOT RUN" starttime="20221118 16:52:41.234" endtime="20221118 16:52:41.234"/>
</kw>
<status status="FAIL" starttime="20221118 16:52:41.227" endtime="20221118 16:52:41.234"/>
</kw>
<status status="FAIL" starttime="20221118 16:52:41.226" endtime="20221118 16:52:41.234">No keyword with name 'Initialize character xposition with' found.</status>
</test>
<test id="s1-s3-t2" name="Move on edge of board" line="8">
<kw name="Move character">
<arg>0</arg>
<arg>0</arg>
<arg>SOUTH</arg>
<arg>0</arg>
<arg>0</arg>
<kw name="Initialize character xposition with">
<arg>${startingX}</arg>
<msg timestamp="20221118 16:52:41.237" level="FAIL">No keyword with name 'Initialize character xposition with' found.</msg>
<status status="FAIL" starttime="20221118 16:52:41.236" endtime="20221118 16:52:41.237"/>
</kw>
<kw name="Initialize character yposition with">
<arg>${startingY}</arg>
<status status="NOT RUN" starttime="20221118 16:52:41.238" endtime="20221118 16:52:41.238"/>
</kw>
<kw name="Move in direction">
<arg>${direction}</arg>
<status status="NOT RUN" starttime="20221118 16:52:41.239" endtime="20221118 16:52:41.239"/>
</kw>
<kw name="Character xposition should be">
<arg>${endingX}</arg>
<status status="NOT RUN" starttime="20221118 16:52:41.240" endtime="20221118 16:52:41.240"/>
</kw>
<kw name="Character yposition should be">
<arg>${endingY}</arg>
<status status="NOT RUN" starttime="20221118 16:52:41.242" endtime="20221118 16:52:41.242"/>
</kw>
<status status="FAIL" starttime="20221118 16:52:41.235" endtime="20221118 16:52:41.242"/>
</kw>
<status status="FAIL" starttime="20221118 16:52:41.235" endtime="20221118 16:52:41.242">No keyword with name 'Initialize character xposition with' found.</status>
</test>
<doc>I want to move my character. If they attempt to move past a boundry, the move results in no change in position.</doc>
<status status="FAIL" starttime="20221118 16:52:41.223" endtime="20221118 16:52:41.243"/>
</suite>
<status status="FAIL" starttime="20221118 16:52:41.173" endtime="20221118 16:52:41.243"/>
</suite>
<statistics>
<total>
<stat pass="0" fail="6" skip="0">All Tests</stat>
</total>
<tag>
</tag>
<suite>
<stat pass="0" fail="6" skip="0" id="s1" name="Robot">Robot</stat>
<stat pass="0" fail="2" skip="0" id="s1-s1" name="Data Driven">Robot.Data Driven</stat>
<stat pass="0" fail="2" skip="0" id="s1-s2" name="Gherkin">Robot.Gherkin</stat>
<stat pass="0" fail="2" skip="0" id="s1-s3" name="Move">Robot.Move</stat>
</suite>
</statistics>
<errors>
<msg timestamp="20221118 16:52:41.196" level="ERROR">Error in file '/home/runner/work/team-4-snakes-r-us/team-4-snakes-r-us/tests/robot/data_driven.robot' on line 4: Importing library '/home/runner/work/team-4-snakes-r-us/team-4-snakes-r-us/tests/robot/GameControllerLibrary.py' failed: SyntaxError: invalid syntax (character.py, line 43)
Traceback (most recent call last):
  File "/home/runner/work/team-4-snakes-r-us/team-4-snakes-r-us/tests/robot/GameControllerLibrary.py", line 1, in &lt;module&gt;
    from levelup.controller import GameController
  File "/home/runner/work/team-4-snakes-r-us/team-4-snakes-r-us/src/levelup/controller.py", line 3, in &lt;module&gt;
    from levelup.character import Character
PYTHONPATH:
  /home/runner/work/team-4-snakes-r-us/team-4-snakes-r-us/tests/robot
  /opt/hostedtoolcache/Python/3.10.8/x64/bin
  /home/runner/work/team-4-snakes-r-us/team-4-snakes-r-us/src
  /opt/hostedtoolcache/Python/3.10.8/x64/lib/python310.zip
  /opt/hostedtoolcache/Python/3.10.8/x64/lib/python3.10
  /opt/hostedtoolcache/Python/3.10.8/x64/lib/python3.10/lib-dynload
  /opt/hostedtoolcache/Python/3.10.8/x64/lib/python3.10/site-packages</msg>
<msg timestamp="20221118 16:52:41.214" level="ERROR">Error in file '/home/runner/work/team-4-snakes-r-us/team-4-snakes-r-us/tests/robot/gherkin.robot' on line 3: Importing library '/home/runner/work/team-4-snakes-r-us/team-4-snakes-r-us/tests/robot/GameControllerLibrary.py' failed: SyntaxError: invalid syntax (character.py, line 43)
Traceback (most recent call last):
  File "/home/runner/work/team-4-snakes-r-us/team-4-snakes-r-us/tests/robot/GameControllerLibrary.py", line 1, in &lt;module&gt;
    from levelup.controller import GameController
  File "/home/runner/work/team-4-snakes-r-us/team-4-snakes-r-us/src/levelup/controller.py", line 3, in &lt;module&gt;
    from levelup.character import Character
PYTHONPATH:
  /home/runner/work/team-4-snakes-r-us/team-4-snakes-r-us/tests/robot
  /opt/hostedtoolcache/Python/3.10.8/x64/bin
  /home/runner/work/team-4-snakes-r-us/team-4-snakes-r-us/src
  /opt/hostedtoolcache/Python/3.10.8/x64/lib/python310.zip
  /opt/hostedtoolcache/Python/3.10.8/x64/lib/python3.10
  /opt/hostedtoolcache/Python/3.10.8/x64/lib/python3.10/lib-dynload
  /opt/hostedtoolcache/Python/3.10.8/x64/lib/python3.10/site-packages</msg>
<msg timestamp="20221118 16:52:41.226" level="ERROR">Error in file '/home/runner/work/team-4-snakes-r-us/team-4-snakes-r-us/tests/robot/move.robot' on line 4: Importing library '/home/runner/work/team-4-snakes-r-us/team-4-snakes-r-us/tests/robot/MoveLibrary.py' failed: SyntaxError: invalid syntax (character.py, line 43)
Traceback (most recent call last):
  File "/home/runner/work/team-4-snakes-r-us/team-4-snakes-r-us/tests/robot/MoveLibrary.py", line 1, in &lt;module&gt;
    from levelup.controller import GameController
  File "/home/runner/work/team-4-snakes-r-us/team-4-snakes-r-us/src/levelup/controller.py", line 3, in &lt;module&gt;
    from levelup.character import Character
PYTHONPATH:
  /home/runner/work/team-4-snakes-r-us/team-4-snakes-r-us/tests/robot
  /opt/hostedtoolcache/Python/3.10.8/x64/bin
  /home/runner/work/team-4-snakes-r-us/team-4-snakes-r-us/src
  /opt/hostedtoolcache/Python/3.10.8/x64/lib/python310.zip
  /opt/hostedtoolcache/Python/3.10.8/x64/lib/python3.10
  /opt/hostedtoolcache/Python/3.10.8/x64/lib/python3.10/lib-dynload
  /opt/hostedtoolcache/Python/3.10.8/x64/lib/python3.10/site-packages</msg>
</errors>
</robot>
