<?xml version="1.0" encoding="UTF-8"?>
<robot generator="Robot 5.0.1 (Python 3.10.8 on linux)" generated="20221118 18:00:14.156" rpa="false" schemaversion="3">
<suite id="s1" name="Robot" source="/home/runner/work/team-4-snakes-r-us/team-4-snakes-r-us/tests/robot">
<suite id="s1-s1" name="Data Driven" source="/home/runner/work/team-4-snakes-r-us/team-4-snakes-r-us/tests/robot/data_driven.robot">
<test id="s1-s1-t1" name="Arbitrary name" line="7">
<kw name="Start new game with character">
<arg>Trogdor</arg>
<arg>Trogdor</arg>
<kw name="Initialize Controller" library="GameControllerLibrary">
<status status="PASS" starttime="20221118 18:00:14.193" endtime="20221118 18:00:14.193"/>
</kw>
<kw name="Create Character With Name" library="GameControllerLibrary">
<arg>${provided}</arg>
<status status="PASS" starttime="20221118 18:00:14.193" endtime="20221118 18:00:14.193"/>
</kw>
<kw name="Character Name Should Be" library="GameControllerLibrary">
<arg>${actual}</arg>
<status status="PASS" starttime="20221118 18:00:14.194" endtime="20221118 18:00:14.194"/>
</kw>
<status status="PASS" starttime="20221118 18:00:14.192" endtime="20221118 18:00:14.194"/>
</kw>
<status status="PASS" starttime="20221118 18:00:14.191" endtime="20221118 18:00:14.194"/>
</test>
<test id="s1-s1-t2" name="Blank character name" line="8">
<kw name="Start new game with character">
<arg>${EMPTY}</arg>
<arg>Character</arg>
<kw name="Initialize Controller" library="GameControllerLibrary">
<status status="PASS" starttime="20221118 18:00:14.196" endtime="20221118 18:00:14.196"/>
</kw>
<kw name="Create Character With Name" library="GameControllerLibrary">
<arg>${provided}</arg>
<status status="PASS" starttime="20221118 18:00:14.196" endtime="20221118 18:00:14.196"/>
</kw>
<kw name="Character Name Should Be" library="GameControllerLibrary">
<arg>${actual}</arg>
<status status="PASS" starttime="20221118 18:00:14.197" endtime="20221118 18:00:14.197"/>
</kw>
<status status="PASS" starttime="20221118 18:00:14.195" endtime="20221118 18:00:14.197"/>
</kw>
<status status="PASS" starttime="20221118 18:00:14.194" endtime="20221118 18:00:14.197"/>
</test>
<doc>Example test case using the data-driven (table) syntax.</doc>
<status status="PASS" starttime="20221118 18:00:14.184" endtime="20221118 18:00:14.198"/>
</suite>
<suite id="s1-s2" name="Gherkin" source="/home/runner/work/team-4-snakes-r-us/team-4-snakes-r-us/tests/robot/gherkin.robot">
<test id="s1-s2-t1" name="Game controller initialized with character name" line="6">
<kw name="Given controller has been initialized">
<kw name="Initialize Controller" library="GameControllerLibrary">
<status status="PASS" starttime="20221118 18:00:14.202" endtime="20221118 18:00:14.203"/>
</kw>
<status status="PASS" starttime="20221118 18:00:14.202" endtime="20221118 18:00:14.203"/>
</kw>
<kw name="When character is created with name &quot;ArbitraryName&quot;" sourcename="Character is created with name &quot;${provided}&quot;">
<kw name="Create Character With Name" library="GameControllerLibrary">
<arg>${provided}</arg>
<status status="PASS" starttime="20221118 18:00:14.203" endtime="20221118 18:00:14.204"/>
</kw>
<status status="PASS" starttime="20221118 18:00:14.203" endtime="20221118 18:00:14.204"/>
</kw>
<kw name="Then actual character name is &quot;ArbitraryName&quot;" sourcename="Actual character name is &quot;${actual}&quot;">
<kw name="Character Name Should Be" library="GameControllerLibrary">
<arg>${actual}</arg>
<status status="PASS" starttime="20221118 18:00:14.204" endtime="20221118 18:00:14.204"/>
</kw>
<status status="PASS" starttime="20221118 18:00:14.204" endtime="20221118 18:00:14.205"/>
</kw>
<status status="PASS" starttime="20221118 18:00:14.202" endtime="20221118 18:00:14.205"/>
</test>
<test id="s1-s2-t2" name="Game controller initialized without character name" line="11">
<kw name="Given controller has been initialized">
<kw name="Initialize Controller" library="GameControllerLibrary">
<status status="PASS" starttime="20221118 18:00:14.206" endtime="20221118 18:00:14.206"/>
</kw>
<status status="PASS" starttime="20221118 18:00:14.206" endtime="20221118 18:00:14.206"/>
</kw>
<kw name="When character is created with name &quot;&quot;" sourcename="Character is created with name &quot;${provided}&quot;">
<kw name="Create Character With Name" library="GameControllerLibrary">
<arg>${provided}</arg>
<status status="PASS" starttime="20221118 18:00:14.207" endtime="20221118 18:00:14.207"/>
</kw>
<status status="PASS" starttime="20221118 18:00:14.206" endtime="20221118 18:00:14.207"/>
</kw>
<kw name="Then actual character name is &quot;Character&quot;" sourcename="Actual character name is &quot;${actual}&quot;">
<kw name="Character Name Should Be" library="GameControllerLibrary">
<arg>${actual}</arg>
<status status="PASS" starttime="20221118 18:00:14.207" endtime="20221118 18:00:14.208"/>
</kw>
<status status="PASS" starttime="20221118 18:00:14.207" endtime="20221118 18:00:14.208"/>
</kw>
<status status="PASS" starttime="20221118 18:00:14.205" endtime="20221118 18:00:14.208"/>
</test>
<doc>Example test case using the gherkin syntax.</doc>
<status status="PASS" starttime="20221118 18:00:14.199" endtime="20221118 18:00:14.208"/>
</suite>
<suite id="s1-s3" name="Move" source="/home/runner/work/team-4-snakes-r-us/team-4-snakes-r-us/tests/robot/move.robot">
<test id="s1-s3-t1" name="Move in middle of board" line="7">
<kw name="Move character">
<arg>0</arg>
<arg>0</arg>
<arg>NORTH</arg>
<arg>0</arg>
<arg>1</arg>
<kw name="Initialize Character Xposition With" library="MoveLibrary">
<arg>${startingX}</arg>
<status status="PASS" starttime="20221118 18:00:14.214" endtime="20221118 18:00:14.214"/>
</kw>
<kw name="Initialize Character Yposition With" library="MoveLibrary">
<arg>${startingY}</arg>
<status status="PASS" starttime="20221118 18:00:14.214" endtime="20221118 18:00:14.215"/>
</kw>
<kw name="Move In Direction" library="MoveLibrary">
<arg>${direction}</arg>
<msg timestamp="20221118 18:00:14.215" level="INFO">Set character position state for testing
Moved NORTH</msg>
<status status="PASS" starttime="20221118 18:00:14.215" endtime="20221118 18:00:14.215"/>
</kw>
<kw name="Character Xposition Should Be" library="MoveLibrary">
<arg>${endingX}</arg>
<msg timestamp="20221118 18:00:14.216" level="FAIL">-1 != 0</msg>
<status status="FAIL" starttime="20221118 18:00:14.215" endtime="20221118 18:00:14.216"/>
</kw>
<kw name="Character Yposition Should Be" library="MoveLibrary">
<arg>${endingY}</arg>
<status status="NOT RUN" starttime="20221118 18:00:14.217" endtime="20221118 18:00:14.217"/>
</kw>
<status status="FAIL" starttime="20221118 18:00:14.214" endtime="20221118 18:00:14.217"/>
</kw>
<status status="FAIL" starttime="20221118 18:00:14.213" endtime="20221118 18:00:14.217">-1 != 0</status>
</test>
<test id="s1-s3-t2" name="Move on edge of board" line="8">
<kw name="Move character">
<arg>0</arg>
<arg>0</arg>
<arg>SOUTH</arg>
<arg>0</arg>
<arg>0</arg>
<kw name="Initialize Character Xposition With" library="MoveLibrary">
<arg>${startingX}</arg>
<status status="PASS" starttime="20221118 18:00:14.219" endtime="20221118 18:00:14.219"/>
</kw>
<kw name="Initialize Character Yposition With" library="MoveLibrary">
<arg>${startingY}</arg>
<status status="PASS" starttime="20221118 18:00:14.219" endtime="20221118 18:00:14.219"/>
</kw>
<kw name="Move In Direction" library="MoveLibrary">
<arg>${direction}</arg>
<msg timestamp="20221118 18:00:14.219" level="INFO">Set character position state for testing
Moved SOUTH</msg>
<status status="PASS" starttime="20221118 18:00:14.219" endtime="20221118 18:00:14.220"/>
</kw>
<kw name="Character Xposition Should Be" library="MoveLibrary">
<arg>${endingX}</arg>
<msg timestamp="20221118 18:00:14.220" level="FAIL">-1 != 0</msg>
<status status="FAIL" starttime="20221118 18:00:14.220" endtime="20221118 18:00:14.220"/>
</kw>
<kw name="Character Yposition Should Be" library="MoveLibrary">
<arg>${endingY}</arg>
<status status="NOT RUN" starttime="20221118 18:00:14.221" endtime="20221118 18:00:14.221"/>
</kw>
<status status="FAIL" starttime="20221118 18:00:14.218" endtime="20221118 18:00:14.221"/>
</kw>
<status status="FAIL" starttime="20221118 18:00:14.218" endtime="20221118 18:00:14.221">-1 != 0</status>
</test>
<doc>I want to move my character. If they attempt to move past a boundry, the move results in no change in position.</doc>
<status status="FAIL" starttime="20221118 18:00:14.209" endtime="20221118 18:00:14.222"/>
</suite>
<status status="FAIL" starttime="20221118 18:00:14.157" endtime="20221118 18:00:14.223"/>
</suite>
<statistics>
<total>
<stat pass="4" fail="2" skip="0">All Tests</stat>
</total>
<tag>
</tag>
<suite>
<stat pass="4" fail="2" skip="0" id="s1" name="Robot">Robot</stat>
<stat pass="2" fail="0" skip="0" id="s1-s1" name="Data Driven">Robot.Data Driven</stat>
<stat pass="2" fail="0" skip="0" id="s1-s2" name="Gherkin">Robot.Gherkin</stat>
<stat pass="0" fail="2" skip="0" id="s1-s3" name="Move">Robot.Move</stat>
</suite>
</statistics>
<errors>
</errors>
</robot>
