<?xml version="1.0" encoding="UTF-8"?>
<robot generator="Robot 5.0.1 (Python 3.10.8 on linux)" generated="20221118 16:49:28.463" rpa="false" schemaversion="3">
<suite id="s1" name="Robot" source="/home/runner/work/team-4-snakes-r-us/team-4-snakes-r-us/tests/robot">
<suite id="s1-s1" name="Data Driven" source="/home/runner/work/team-4-snakes-r-us/team-4-snakes-r-us/tests/robot/data_driven.robot">
<test id="s1-s1-t1" name="Arbitrary name" line="7">
<kw name="Start new game with character">
<arg>Trogdor</arg>
<arg>Trogdor</arg>
<kw name="Initialize controller">
<msg timestamp="20221118 16:49:28.504" level="FAIL">No keyword with name 'Initialize controller' found.</msg>
<status status="FAIL" starttime="20221118 16:49:28.504" endtime="20221118 16:49:28.504"/>
</kw>
<kw name="Create character with name">
<arg>${provided}</arg>
<status status="NOT RUN" starttime="20221118 16:49:28.507" endtime="20221118 16:49:28.507"/>
</kw>
<kw name="Character name should be">
<arg>${actual}</arg>
<status status="NOT RUN" starttime="20221118 16:49:28.508" endtime="20221118 16:49:28.508"/>
</kw>
<status status="FAIL" starttime="20221118 16:49:28.501" endtime="20221118 16:49:28.509"/>
</kw>
<status status="FAIL" starttime="20221118 16:49:28.501" endtime="20221118 16:49:28.510">No keyword with name 'Initialize controller' found.</status>
</test>
<test id="s1-s1-t2" name="Blank character name" line="8">
<kw name="Start new game with character">
<arg>${EMPTY}</arg>
<arg>Character</arg>
<kw name="Initialize controller">
<msg timestamp="20221118 16:49:28.513" level="FAIL">No keyword with name 'Initialize controller' found.</msg>
<status status="FAIL" starttime="20221118 16:49:28.513" endtime="20221118 16:49:28.514"/>
</kw>
<kw name="Create character with name">
<arg>${provided}</arg>
<status status="NOT RUN" starttime="20221118 16:49:28.515" endtime="20221118 16:49:28.515"/>
</kw>
<kw name="Character name should be">
<arg>${actual}</arg>
<status status="NOT RUN" starttime="20221118 16:49:28.517" endtime="20221118 16:49:28.517"/>
</kw>
<status status="FAIL" starttime="20221118 16:49:28.511" endtime="20221118 16:49:28.518"/>
</kw>
<status status="FAIL" starttime="20221118 16:49:28.510" endtime="20221118 16:49:28.518">No keyword with name 'Initialize controller' found.</status>
</test>
<doc>Example test case using the data-driven (table) syntax.</doc>
<status status="FAIL" starttime="20221118 16:49:28.493" endtime="20221118 16:49:28.519"/>
</suite>
<suite id="s1-s2" name="Gherkin" source="/home/runner/work/team-4-snakes-r-us/team-4-snakes-r-us/tests/robot/gherkin.robot">
<test id="s1-s2-t1" name="Game controller initialized with character name" line="6">
<kw name="Given controller has been initialized">
<kw name="Initialize controller">
<msg timestamp="20221118 16:49:28.527" level="FAIL">No keyword with name 'Initialize controller' found.</msg>
<status status="FAIL" starttime="20221118 16:49:28.527" endtime="20221118 16:49:28.527"/>
</kw>
<status status="FAIL" starttime="20221118 16:49:28.525" endtime="20221118 16:49:28.527"/>
</kw>
<kw name="When character is created with name &quot;ArbitraryName&quot;" sourcename="Character is created with name &quot;${provided}&quot;">
<status status="NOT RUN" starttime="20221118 16:49:28.528" endtime="20221118 16:49:28.528"/>
</kw>
<kw name="Then actual character name is &quot;ArbitraryName&quot;" sourcename="Actual character name is &quot;${actual}&quot;">
<status status="NOT RUN" starttime="20221118 16:49:28.528" endtime="20221118 16:49:28.528"/>
</kw>
<status status="FAIL" starttime="20221118 16:49:28.524" endtime="20221118 16:49:28.528">No keyword with name 'Initialize controller' found.</status>
</test>
<test id="s1-s2-t2" name="Game controller initialized without character name" line="11">
<kw name="Given controller has been initialized">
<kw name="Initialize controller">
<msg timestamp="20221118 16:49:28.532" level="FAIL">No keyword with name 'Initialize controller' found.</msg>
<status status="FAIL" starttime="20221118 16:49:28.532" endtime="20221118 16:49:28.532"/>
</kw>
<status status="FAIL" starttime="20221118 16:49:28.530" endtime="20221118 16:49:28.532"/>
</kw>
<kw name="When character is created with name &quot;&quot;" sourcename="Character is created with name &quot;${provided}&quot;">
<status status="NOT RUN" starttime="20221118 16:49:28.533" endtime="20221118 16:49:28.533"/>
</kw>
<kw name="Then actual character name is &quot;Character&quot;" sourcename="Actual character name is &quot;${actual}&quot;">
<status status="NOT RUN" starttime="20221118 16:49:28.533" endtime="20221118 16:49:28.533"/>
</kw>
<status status="FAIL" starttime="20221118 16:49:28.529" endtime="20221118 16:49:28.533">No keyword with name 'Initialize controller' found.</status>
</test>
<doc>Example test case using the gherkin syntax.</doc>
<status status="FAIL" starttime="20221118 16:49:28.520" endtime="20221118 16:49:28.534"/>
</suite>
<suite id="s1-s3" name="Move" source="/home/runner/work/team-4-snakes-r-us/team-4-snakes-r-us/tests/robot/move.robot">
<test id="s1-s3-t1" name="Move in middle of board" line="7">
<kw name="Move character">
<arg>0</arg>
<arg>0</arg>
<arg>NORTH</arg>
<arg>0</arg>
<arg>1</arg>
<kw name="Initialize character xposition with">
<arg>${startingX}</arg>
<msg timestamp="20221118 16:49:28.541" level="FAIL">No keyword with name 'Initialize character xposition with' found.</msg>
<status status="FAIL" starttime="20221118 16:49:28.541" endtime="20221118 16:49:28.541"/>
</kw>
<kw name="Initialize character yposition with">
<arg>${startingY}</arg>
<status status="NOT RUN" starttime="20221118 16:49:28.543" endtime="20221118 16:49:28.543"/>
</kw>
<kw name="Move in direction">
<arg>${direction}</arg>
<status status="NOT RUN" starttime="20221118 16:49:28.545" endtime="20221118 16:49:28.545"/>
</kw>
<kw name="Character xposition should be">
<arg>${endingX}</arg>
<status status="NOT RUN" starttime="20221118 16:49:28.546" endtime="20221118 16:49:28.546"/>
</kw>
<kw name="Character yposition should be">
<arg>${endingY}</arg>
<status status="NOT RUN" starttime="20221118 16:49:28.548" endtime="20221118 16:49:28.548"/>
</kw>
<status status="FAIL" starttime="20221118 16:49:28.539" endtime="20221118 16:49:28.548"/>
</kw>
<status status="FAIL" starttime="20221118 16:49:28.538" endtime="20221118 16:49:28.548">No keyword with name 'Initialize character xposition with' found.</status>
</test>
<test id="s1-s3-t2" name="Move on edge of board" line="8">
<kw name="Move character">
<arg>0</arg>
<arg>0</arg>
<arg>SOUTH</arg>
<arg>0</arg>
<arg>0</arg>
<kw name="Initialize character xposition with">
<arg>${startingX}</arg>
<msg timestamp="20221118 16:49:28.551" level="FAIL">No keyword with name 'Initialize character xposition with' found.</msg>
<status status="FAIL" starttime="20221118 16:49:28.551" endtime="20221118 16:49:28.551"/>
</kw>
<kw name="Initialize character yposition with">
<arg>${startingY}</arg>
<status status="NOT RUN" starttime="20221118 16:49:28.552" endtime="20221118 16:49:28.552"/>
</kw>
<kw name="Move in direction">
<arg>${direction}</arg>
<status status="NOT RUN" starttime="20221118 16:49:28.554" endtime="20221118 16:49:28.554"/>
</kw>
<kw name="Character xposition should be">
<arg>${endingX}</arg>
<status status="NOT RUN" starttime="20221118 16:49:28.556" endtime="20221118 16:49:28.556"/>
</kw>
<kw name="Character yposition should be">
<arg>${endingY}</arg>
<status status="NOT RUN" starttime="20221118 16:49:28.558" endtime="20221118 16:49:28.559"/>
</kw>
<status status="FAIL" starttime="20221118 16:49:28.549" endtime="20221118 16:49:28.559"/>
</kw>
<status status="FAIL" starttime="20221118 16:49:28.549" endtime="20221118 16:49:28.560">No keyword with name 'Initialize character xposition with' found.</status>
</test>
<doc>I want to move my character. If they attempt to move past a boundry, the move results in no change in position.</doc>
<status status="FAIL" starttime="20221118 16:49:28.534" endtime="20221118 16:49:28.560"/>
</suite>
<status status="FAIL" starttime="20221118 16:49:28.464" endtime="20221118 16:49:28.561"/>
</suite>
<statistics>
<total>
<stat pass="0" fail="6" skip="0">All Tests</stat>
</total>
<tag>
</tag>
<suite>
<stat pass="0" fail="6" skip="0" id="s1" name="Robot">Robot</stat>
<stat pass="0" fail="2" skip="0" id="s1-s1" name="Data Driven">Robot.Data Driven</stat>
<stat pass="0" fail="2" skip="0" id="s1-s2" name="Gherkin">Robot.Gherkin</stat>
<stat pass="0" fail="2" skip="0" id="s1-s3" name="Move">Robot.Move</stat>
</suite>
</statistics>
<errors>
<msg timestamp="20221118 16:49:28.497" level="ERROR">Error in file '/home/runner/work/team-4-snakes-r-us/team-4-snakes-r-us/tests/robot/data_driven.robot' on line 4: Importing library '/home/runner/work/team-4-snakes-r-us/team-4-snakes-r-us/tests/robot/GameControllerLibrary.py' failed: SyntaxError: invalid syntax (character.py, line 43)
Traceback (most recent call last):
  File "/home/runner/work/team-4-snakes-r-us/team-4-snakes-r-us/tests/robot/GameControllerLibrary.py", line 1, in &lt;module&gt;
    from levelup.controller import GameController
  File "/home/runner/work/team-4-snakes-r-us/team-4-snakes-r-us/src/levelup/controller.py", line 3, in &lt;module&gt;
    from levelup.character import Character
PYTHONPATH:
  /home/runner/work/team-4-snakes-r-us/team-4-snakes-r-us/tests/robot
  /opt/hostedtoolcache/Python/3.10.8/x64/bin
  /home/runner/work/team-4-snakes-r-us/team-4-snakes-r-us/src
  /opt/hostedtoolcache/Python/3.10.8/x64/lib/python310.zip
  /opt/hostedtoolcache/Python/3.10.8/x64/lib/python3.10
  /opt/hostedtoolcache/Python/3.10.8/x64/lib/python3.10/lib-dynload
  /opt/hostedtoolcache/Python/3.10.8/x64/lib/python3.10/site-packages</msg>
<msg timestamp="20221118 16:49:28.524" level="ERROR">Error in file '/home/runner/work/team-4-snakes-r-us/team-4-snakes-r-us/tests/robot/gherkin.robot' on line 3: Importing library '/home/runner/work/team-4-snakes-r-us/team-4-snakes-r-us/tests/robot/GameControllerLibrary.py' failed: SyntaxError: invalid syntax (character.py, line 43)
Traceback (most recent call last):
  File "/home/runner/work/team-4-snakes-r-us/team-4-snakes-r-us/tests/robot/GameControllerLibrary.py", line 1, in &lt;module&gt;
    from levelup.controller import GameController
  File "/home/runner/work/team-4-snakes-r-us/team-4-snakes-r-us/src/levelup/controller.py", line 3, in &lt;module&gt;
    from levelup.character import Character
PYTHONPATH:
  /home/runner/work/team-4-snakes-r-us/team-4-snakes-r-us/tests/robot
  /opt/hostedtoolcache/Python/3.10.8/x64/bin
  /home/runner/work/team-4-snakes-r-us/team-4-snakes-r-us/src
  /opt/hostedtoolcache/Python/3.10.8/x64/lib/python310.zip
  /opt/hostedtoolcache/Python/3.10.8/x64/lib/python3.10
  /opt/hostedtoolcache/Python/3.10.8/x64/lib/python3.10/lib-dynload
  /opt/hostedtoolcache/Python/3.10.8/x64/lib/python3.10/site-packages</msg>
<msg timestamp="20221118 16:49:28.537" level="ERROR">Error in file '/home/runner/work/team-4-snakes-r-us/team-4-snakes-r-us/tests/robot/move.robot' on line 4: Importing library '/home/runner/work/team-4-snakes-r-us/team-4-snakes-r-us/tests/robot/MoveLibrary.py' failed: SyntaxError: invalid syntax (character.py, line 43)
Traceback (most recent call last):
  File "/home/runner/work/team-4-snakes-r-us/team-4-snakes-r-us/tests/robot/MoveLibrary.py", line 1, in &lt;module&gt;
    from levelup.controller import GameController
  File "/home/runner/work/team-4-snakes-r-us/team-4-snakes-r-us/src/levelup/controller.py", line 3, in &lt;module&gt;
    from levelup.character import Character
PYTHONPATH:
  /home/runner/work/team-4-snakes-r-us/team-4-snakes-r-us/tests/robot
  /opt/hostedtoolcache/Python/3.10.8/x64/bin
  /home/runner/work/team-4-snakes-r-us/team-4-snakes-r-us/src
  /opt/hostedtoolcache/Python/3.10.8/x64/lib/python310.zip
  /opt/hostedtoolcache/Python/3.10.8/x64/lib/python3.10
  /opt/hostedtoolcache/Python/3.10.8/x64/lib/python3.10/lib-dynload
  /opt/hostedtoolcache/Python/3.10.8/x64/lib/python3.10/site-packages</msg>
</errors>
</robot>
