<?xml version="1.0" encoding="UTF-8"?>
<robot generator="Robot 5.0.1 (Python 3.10.8 on linux)" generated="20221117 17:12:35.942" rpa="false" schemaversion="3">
<suite id="s1" name="Robot" source="/home/runner/work/team-4-snakes-r-us/team-4-snakes-r-us/tests/robot">
<suite id="s1-s1" name="Data Driven" source="/home/runner/work/team-4-snakes-r-us/team-4-snakes-r-us/tests/robot/data_driven.robot">
<test id="s1-s1-t1" name="Arbitrary name" line="7">
<kw name="Start new game with character">
<arg>Trogdor</arg>
<arg>Trogdor</arg>
<kw name="Initialize Controller" library="GameControllerLibrary">
<status status="PASS" starttime="20221117 17:12:35.969" endtime="20221117 17:12:35.969"/>
</kw>
<kw name="Create Character With Name" library="GameControllerLibrary">
<arg>${provided}</arg>
<status status="PASS" starttime="20221117 17:12:35.969" endtime="20221117 17:12:35.970"/>
</kw>
<kw name="Character Name Should Be" library="GameControllerLibrary">
<arg>${actual}</arg>
<status status="PASS" starttime="20221117 17:12:35.970" endtime="20221117 17:12:35.970"/>
</kw>
<status status="PASS" starttime="20221117 17:12:35.969" endtime="20221117 17:12:35.970"/>
</kw>
<status status="PASS" starttime="20221117 17:12:35.968" endtime="20221117 17:12:35.970"/>
</test>
<test id="s1-s1-t2" name="Blank character name" line="8">
<kw name="Start new game with character">
<arg>${EMPTY}</arg>
<arg>Character</arg>
<kw name="Initialize Controller" library="GameControllerLibrary">
<status status="PASS" starttime="20221117 17:12:35.972" endtime="20221117 17:12:35.972"/>
</kw>
<kw name="Create Character With Name" library="GameControllerLibrary">
<arg>${provided}</arg>
<status status="PASS" starttime="20221117 17:12:35.972" endtime="20221117 17:12:35.972"/>
</kw>
<kw name="Character Name Should Be" library="GameControllerLibrary">
<arg>${actual}</arg>
<status status="PASS" starttime="20221117 17:12:35.972" endtime="20221117 17:12:35.972"/>
</kw>
<status status="PASS" starttime="20221117 17:12:35.971" endtime="20221117 17:12:35.972"/>
</kw>
<status status="PASS" starttime="20221117 17:12:35.971" endtime="20221117 17:12:35.973"/>
</test>
<doc>Example test case using the data-driven (table) syntax.</doc>
<status status="PASS" starttime="20221117 17:12:35.963" endtime="20221117 17:12:35.973"/>
</suite>
<suite id="s1-s2" name="Gherkin" source="/home/runner/work/team-4-snakes-r-us/team-4-snakes-r-us/tests/robot/gherkin.robot">
<test id="s1-s2-t1" name="Game controller initialized with character name" line="6">
<kw name="Given controller has been initialized">
<kw name="Initialize Controller" library="GameControllerLibrary">
<status status="PASS" starttime="20221117 17:12:35.977" endtime="20221117 17:12:35.977"/>
</kw>
<status status="PASS" starttime="20221117 17:12:35.977" endtime="20221117 17:12:35.978"/>
</kw>
<kw name="When character is created with name &quot;ArbitraryName&quot;" sourcename="Character is created with name &quot;${provided}&quot;">
<kw name="Create Character With Name" library="GameControllerLibrary">
<arg>${provided}</arg>
<status status="PASS" starttime="20221117 17:12:35.978" endtime="20221117 17:12:35.978"/>
</kw>
<status status="PASS" starttime="20221117 17:12:35.978" endtime="20221117 17:12:35.978"/>
</kw>
<kw name="Then actual character name is &quot;ArbitraryName&quot;" sourcename="Actual character name is &quot;${actual}&quot;">
<kw name="Character Name Should Be" library="GameControllerLibrary">
<arg>${actual}</arg>
<status status="PASS" starttime="20221117 17:12:35.979" endtime="20221117 17:12:35.979"/>
</kw>
<status status="PASS" starttime="20221117 17:12:35.978" endtime="20221117 17:12:35.979"/>
</kw>
<status status="PASS" starttime="20221117 17:12:35.976" endtime="20221117 17:12:35.979"/>
</test>
<test id="s1-s2-t2" name="Game controller initialized without character name" line="11">
<kw name="Given controller has been initialized">
<kw name="Initialize Controller" library="GameControllerLibrary">
<status status="PASS" starttime="20221117 17:12:35.980" endtime="20221117 17:12:35.980"/>
</kw>
<status status="PASS" starttime="20221117 17:12:35.980" endtime="20221117 17:12:35.980"/>
</kw>
<kw name="When character is created with name &quot;&quot;" sourcename="Character is created with name &quot;${provided}&quot;">
<kw name="Create Character With Name" library="GameControllerLibrary">
<arg>${provided}</arg>
<status status="PASS" starttime="20221117 17:12:35.981" endtime="20221117 17:12:35.981"/>
</kw>
<status status="PASS" starttime="20221117 17:12:35.980" endtime="20221117 17:12:35.981"/>
</kw>
<kw name="Then actual character name is &quot;Character&quot;" sourcename="Actual character name is &quot;${actual}&quot;">
<kw name="Character Name Should Be" library="GameControllerLibrary">
<arg>${actual}</arg>
<status status="PASS" starttime="20221117 17:12:35.981" endtime="20221117 17:12:35.982"/>
</kw>
<status status="PASS" starttime="20221117 17:12:35.981" endtime="20221117 17:12:35.982"/>
</kw>
<status status="PASS" starttime="20221117 17:12:35.979" endtime="20221117 17:12:35.982"/>
</test>
<doc>Example test case using the gherkin syntax.</doc>
<status status="PASS" starttime="20221117 17:12:35.974" endtime="20221117 17:12:35.982"/>
</suite>
<suite id="s1-s3" name="Move" source="/home/runner/work/team-4-snakes-r-us/team-4-snakes-r-us/tests/robot/move.robot">
<test id="s1-s3-t1" name="Move in middle of board 0" line="7">
<kw name="Move character">
<arg>0</arg>
<arg>North</arg>
<arg>0</arg>
<arg>1</arg>
<msg timestamp="20221117 17:12:35.987" level="FAIL">Keyword 'Move character' expected 0 arguments, got 4.</msg>
<status status="FAIL" starttime="20221117 17:12:35.987" endtime="20221117 17:12:35.987"/>
</kw>
<status status="FAIL" starttime="20221117 17:12:35.986" endtime="20221117 17:12:35.987">Keyword 'Move character' expected 0 arguments, got 4.</status>
</test>
<test id="s1-s3-t2" name="Move on edge of board" line="8">
<kw name="Move character">
<arg>0</arg>
<arg>0</arg>
<arg>South</arg>
<arg>0</arg>
<arg>0</arg>
<msg timestamp="20221117 17:12:35.988" level="FAIL">Keyword 'Move character' expected 0 arguments, got 5.</msg>
<status status="FAIL" starttime="20221117 17:12:35.988" endtime="20221117 17:12:35.988"/>
</kw>
<status status="FAIL" starttime="20221117 17:12:35.988" endtime="20221117 17:12:35.989">Keyword 'Move character' expected 0 arguments, got 5.</status>
</test>
<doc>I want to move my character. If they attempt to move past a boundry, the move results in no change in position.</doc>
<status status="FAIL" starttime="20221117 17:12:35.983" endtime="20221117 17:12:35.989"/>
</suite>
<status status="FAIL" starttime="20221117 17:12:35.943" endtime="20221117 17:12:35.990"/>
</suite>
<statistics>
<total>
<stat pass="4" fail="2" skip="0">All Tests</stat>
</total>
<tag>
</tag>
<suite>
<stat pass="4" fail="2" skip="0" id="s1" name="Robot">Robot</stat>
<stat pass="2" fail="0" skip="0" id="s1-s1" name="Data Driven">Robot.Data Driven</stat>
<stat pass="2" fail="0" skip="0" id="s1-s2" name="Gherkin">Robot.Gherkin</stat>
<stat pass="0" fail="2" skip="0" id="s1-s3" name="Move">Robot.Move</stat>
</suite>
</statistics>
<errors>
</errors>
</robot>
