<?xml version="1.0" encoding="UTF-8"?>
<robot generator="Robot 5.0.1 (Python 3.10.8 on linux)" generated="20221117 17:46:08.837" rpa="false" schemaversion="3">
<suite id="s1" name="Robot" source="/home/runner/work/team-4-snakes-r-us/team-4-snakes-r-us/tests/robot">
<suite id="s1-s1" name="Data Driven" source="/home/runner/work/team-4-snakes-r-us/team-4-snakes-r-us/tests/robot/data_driven.robot">
<test id="s1-s1-t1" name="Arbitrary name" line="7">
<kw name="Start new game with character">
<arg>Trogdor</arg>
<arg>Trogdor</arg>
<kw name="Initialize Controller" library="GameControllerLibrary">
<status status="PASS" starttime="20221117 17:46:08.878" endtime="20221117 17:46:08.878"/>
</kw>
<kw name="Create Character With Name" library="GameControllerLibrary">
<arg>${provided}</arg>
<status status="PASS" starttime="20221117 17:46:08.878" endtime="20221117 17:46:08.879"/>
</kw>
<kw name="Character Name Should Be" library="GameControllerLibrary">
<arg>${actual}</arg>
<status status="PASS" starttime="20221117 17:46:08.879" endtime="20221117 17:46:08.879"/>
</kw>
<status status="PASS" starttime="20221117 17:46:08.878" endtime="20221117 17:46:08.879"/>
</kw>
<status status="PASS" starttime="20221117 17:46:08.877" endtime="20221117 17:46:08.880"/>
</test>
<test id="s1-s1-t2" name="Blank character name" line="8">
<kw name="Start new game with character">
<arg>${EMPTY}</arg>
<arg>Character</arg>
<kw name="Initialize Controller" library="GameControllerLibrary">
<status status="PASS" starttime="20221117 17:46:08.881" endtime="20221117 17:46:08.882"/>
</kw>
<kw name="Create Character With Name" library="GameControllerLibrary">
<arg>${provided}</arg>
<status status="PASS" starttime="20221117 17:46:08.882" endtime="20221117 17:46:08.882"/>
</kw>
<kw name="Character Name Should Be" library="GameControllerLibrary">
<arg>${actual}</arg>
<status status="PASS" starttime="20221117 17:46:08.882" endtime="20221117 17:46:08.882"/>
</kw>
<status status="PASS" starttime="20221117 17:46:08.881" endtime="20221117 17:46:08.882"/>
</kw>
<status status="PASS" starttime="20221117 17:46:08.880" endtime="20221117 17:46:08.882"/>
</test>
<doc>Example test case using the data-driven (table) syntax.</doc>
<status status="PASS" starttime="20221117 17:46:08.869" endtime="20221117 17:46:08.883"/>
</suite>
<suite id="s1-s2" name="Gherkin" source="/home/runner/work/team-4-snakes-r-us/team-4-snakes-r-us/tests/robot/gherkin.robot">
<test id="s1-s2-t1" name="Game controller initialized with character name" line="6">
<kw name="Given controller has been initialized">
<kw name="Initialize Controller" library="GameControllerLibrary">
<status status="PASS" starttime="20221117 17:46:08.888" endtime="20221117 17:46:08.888"/>
</kw>
<status status="PASS" starttime="20221117 17:46:08.888" endtime="20221117 17:46:08.888"/>
</kw>
<kw name="When character is created with name &quot;ArbitraryName&quot;" sourcename="Character is created with name &quot;${provided}&quot;">
<kw name="Create Character With Name" library="GameControllerLibrary">
<arg>${provided}</arg>
<status status="PASS" starttime="20221117 17:46:08.889" endtime="20221117 17:46:08.889"/>
</kw>
<status status="PASS" starttime="20221117 17:46:08.888" endtime="20221117 17:46:08.889"/>
</kw>
<kw name="Then actual character name is &quot;ArbitraryName&quot;" sourcename="Actual character name is &quot;${actual}&quot;">
<kw name="Character Name Should Be" library="GameControllerLibrary">
<arg>${actual}</arg>
<status status="PASS" starttime="20221117 17:46:08.889" endtime="20221117 17:46:08.890"/>
</kw>
<status status="PASS" starttime="20221117 17:46:08.889" endtime="20221117 17:46:08.890"/>
</kw>
<status status="PASS" starttime="20221117 17:46:08.887" endtime="20221117 17:46:08.890"/>
</test>
<test id="s1-s2-t2" name="Game controller initialized without character name" line="11">
<kw name="Given controller has been initialized">
<kw name="Initialize Controller" library="GameControllerLibrary">
<status status="PASS" starttime="20221117 17:46:08.891" endtime="20221117 17:46:08.891"/>
</kw>
<status status="PASS" starttime="20221117 17:46:08.891" endtime="20221117 17:46:08.892"/>
</kw>
<kw name="When character is created with name &quot;&quot;" sourcename="Character is created with name &quot;${provided}&quot;">
<kw name="Create Character With Name" library="GameControllerLibrary">
<arg>${provided}</arg>
<status status="PASS" starttime="20221117 17:46:08.892" endtime="20221117 17:46:08.892"/>
</kw>
<status status="PASS" starttime="20221117 17:46:08.892" endtime="20221117 17:46:08.892"/>
</kw>
<kw name="Then actual character name is &quot;Character&quot;" sourcename="Actual character name is &quot;${actual}&quot;">
<kw name="Character Name Should Be" library="GameControllerLibrary">
<arg>${actual}</arg>
<status status="PASS" starttime="20221117 17:46:08.893" endtime="20221117 17:46:08.893"/>
</kw>
<status status="PASS" starttime="20221117 17:46:08.892" endtime="20221117 17:46:08.893"/>
</kw>
<status status="PASS" starttime="20221117 17:46:08.890" endtime="20221117 17:46:08.893"/>
</test>
<doc>Example test case using the gherkin syntax.</doc>
<status status="PASS" starttime="20221117 17:46:08.884" endtime="20221117 17:46:08.894"/>
</suite>
<suite id="s1-s3" name="Move" source="/home/runner/work/team-4-snakes-r-us/team-4-snakes-r-us/tests/robot/move.robot">
<test id="s1-s3-t1" name="Move in middle of board" line="7">
<kw name="Move character">
<arg>0</arg>
<arg>0</arg>
<arg>North</arg>
<arg>0</arg>
<arg>1</arg>
<kw name="Initialize Character Xposition With" library="MoveLibrary">
<arg>${startingX}</arg>
<status status="PASS" starttime="20221117 17:46:08.903" endtime="20221117 17:46:08.903"/>
</kw>
<kw name="Initialize Character Yposition With" library="MoveLibrary">
<arg>${startingY}</arg>
<status status="PASS" starttime="20221117 17:46:08.903" endtime="20221117 17:46:08.903"/>
</kw>
<kw name="Move In Direction" library="MoveLibrary">
<arg>${direction}</arg>
<msg timestamp="20221117 17:46:08.904" level="FAIL">AttributeError: 'GameController' object has no attribute 'set_character_position'</msg>
<status status="FAIL" starttime="20221117 17:46:08.903" endtime="20221117 17:46:08.905"/>
</kw>
<kw name="Character Xposition Should Be" library="MoveLibrary">
<arg>${endingX}</arg>
<status status="NOT RUN" starttime="20221117 17:46:08.905" endtime="20221117 17:46:08.905"/>
</kw>
<kw name="Character Yposition Should Be" library="MoveLibrary">
<arg>${endingY}</arg>
<status status="NOT RUN" starttime="20221117 17:46:08.905" endtime="20221117 17:46:08.905"/>
</kw>
<status status="FAIL" starttime="20221117 17:46:08.902" endtime="20221117 17:46:08.906"/>
</kw>
<status status="FAIL" starttime="20221117 17:46:08.902" endtime="20221117 17:46:08.906">AttributeError: 'GameController' object has no attribute 'set_character_position'</status>
</test>
<test id="s1-s3-t2" name="Move on edge of board" line="8">
<kw name="Move character">
<arg>0</arg>
<arg>0</arg>
<arg>South</arg>
<arg>0</arg>
<arg>0</arg>
<kw name="Initialize Character Xposition With" library="MoveLibrary">
<arg>${startingX}</arg>
<status status="PASS" starttime="20221117 17:46:08.908" endtime="20221117 17:46:08.908"/>
</kw>
<kw name="Initialize Character Yposition With" library="MoveLibrary">
<arg>${startingY}</arg>
<status status="PASS" starttime="20221117 17:46:08.908" endtime="20221117 17:46:08.909"/>
</kw>
<kw name="Move In Direction" library="MoveLibrary">
<arg>${direction}</arg>
<msg timestamp="20221117 17:46:08.909" level="FAIL">AttributeError: 'GameController' object has no attribute 'set_character_position'</msg>
<status status="FAIL" starttime="20221117 17:46:08.909" endtime="20221117 17:46:08.909"/>
</kw>
<kw name="Character Xposition Should Be" library="MoveLibrary">
<arg>${endingX}</arg>
<status status="NOT RUN" starttime="20221117 17:46:08.910" endtime="20221117 17:46:08.910"/>
</kw>
<kw name="Character Yposition Should Be" library="MoveLibrary">
<arg>${endingY}</arg>
<status status="NOT RUN" starttime="20221117 17:46:08.910" endtime="20221117 17:46:08.910"/>
</kw>
<status status="FAIL" starttime="20221117 17:46:08.907" endtime="20221117 17:46:08.910"/>
</kw>
<status status="FAIL" starttime="20221117 17:46:08.907" endtime="20221117 17:46:08.911">AttributeError: 'GameController' object has no attribute 'set_character_position'</status>
</test>
<doc>I want to move my character. If they attempt to move past a boundry, the move results in no change in position.</doc>
<status status="FAIL" starttime="20221117 17:46:08.894" endtime="20221117 17:46:08.911"/>
</suite>
<status status="FAIL" starttime="20221117 17:46:08.838" endtime="20221117 17:46:08.912"/>
</suite>
<statistics>
<total>
<stat pass="4" fail="2" skip="0">All Tests</stat>
</total>
<tag>
</tag>
<suite>
<stat pass="4" fail="2" skip="0" id="s1" name="Robot">Robot</stat>
<stat pass="2" fail="0" skip="0" id="s1-s1" name="Data Driven">Robot.Data Driven</stat>
<stat pass="2" fail="0" skip="0" id="s1-s2" name="Gherkin">Robot.Gherkin</stat>
<stat pass="0" fail="2" skip="0" id="s1-s3" name="Move">Robot.Move</stat>
</suite>
</statistics>
<errors>
</errors>
</robot>
