<?xml version="1.0" encoding="UTF-8"?>
<robot generator="Robot 5.0.1 (Python 3.10.8 on linux)" generated="20221117 22:51:30.312" rpa="false" schemaversion="3">
<suite id="s1" name="Robot" source="/home/runner/work/team-4-snakes-r-us/team-4-snakes-r-us/tests/robot">
<suite id="s1-s1" name="Data Driven" source="/home/runner/work/team-4-snakes-r-us/team-4-snakes-r-us/tests/robot/data_driven.robot">
<test id="s1-s1-t1" name="Arbitrary name" line="7">
<kw name="Start new game with character">
<arg>Trogdor</arg>
<arg>Trogdor</arg>
<kw name="Initialize Controller" library="GameControllerLibrary">
<status status="PASS" starttime="20221117 22:51:30.339" endtime="20221117 22:51:30.339"/>
</kw>
<kw name="Create Character With Name" library="GameControllerLibrary">
<arg>${provided}</arg>
<status status="PASS" starttime="20221117 22:51:30.339" endtime="20221117 22:51:30.340"/>
</kw>
<kw name="Character Name Should Be" library="GameControllerLibrary">
<arg>${actual}</arg>
<status status="PASS" starttime="20221117 22:51:30.340" endtime="20221117 22:51:30.340"/>
</kw>
<status status="PASS" starttime="20221117 22:51:30.339" endtime="20221117 22:51:30.340"/>
</kw>
<status status="PASS" starttime="20221117 22:51:30.338" endtime="20221117 22:51:30.340"/>
</test>
<test id="s1-s1-t2" name="Blank character name" line="8">
<kw name="Start new game with character">
<arg>${EMPTY}</arg>
<arg>Character</arg>
<kw name="Initialize Controller" library="GameControllerLibrary">
<status status="PASS" starttime="20221117 22:51:30.342" endtime="20221117 22:51:30.342"/>
</kw>
<kw name="Create Character With Name" library="GameControllerLibrary">
<arg>${provided}</arg>
<status status="PASS" starttime="20221117 22:51:30.342" endtime="20221117 22:51:30.342"/>
</kw>
<kw name="Character Name Should Be" library="GameControllerLibrary">
<arg>${actual}</arg>
<status status="PASS" starttime="20221117 22:51:30.342" endtime="20221117 22:51:30.342"/>
</kw>
<status status="PASS" starttime="20221117 22:51:30.341" endtime="20221117 22:51:30.343"/>
</kw>
<status status="PASS" starttime="20221117 22:51:30.341" endtime="20221117 22:51:30.343"/>
</test>
<doc>Example test case using the data-driven (table) syntax.</doc>
<status status="PASS" starttime="20221117 22:51:30.332" endtime="20221117 22:51:30.343"/>
</suite>
<suite id="s1-s2" name="Gherkin" source="/home/runner/work/team-4-snakes-r-us/team-4-snakes-r-us/tests/robot/gherkin.robot">
<test id="s1-s2-t1" name="Game controller initialized with character name" line="6">
<kw name="Given controller has been initialized">
<kw name="Initialize Controller" library="GameControllerLibrary">
<status status="PASS" starttime="20221117 22:51:30.347" endtime="20221117 22:51:30.347"/>
</kw>
<status status="PASS" starttime="20221117 22:51:30.347" endtime="20221117 22:51:30.348"/>
</kw>
<kw name="When character is created with name &quot;ArbitraryName&quot;" sourcename="Character is created with name &quot;${provided}&quot;">
<kw name="Create Character With Name" library="GameControllerLibrary">
<arg>${provided}</arg>
<status status="PASS" starttime="20221117 22:51:30.348" endtime="20221117 22:51:30.348"/>
</kw>
<status status="PASS" starttime="20221117 22:51:30.348" endtime="20221117 22:51:30.348"/>
</kw>
<kw name="Then actual character name is &quot;ArbitraryName&quot;" sourcename="Actual character name is &quot;${actual}&quot;">
<kw name="Character Name Should Be" library="GameControllerLibrary">
<arg>${actual}</arg>
<status status="PASS" starttime="20221117 22:51:30.349" endtime="20221117 22:51:30.349"/>
</kw>
<status status="PASS" starttime="20221117 22:51:30.348" endtime="20221117 22:51:30.349"/>
</kw>
<status status="PASS" starttime="20221117 22:51:30.346" endtime="20221117 22:51:30.349"/>
</test>
<test id="s1-s2-t2" name="Game controller initialized without character name" line="11">
<kw name="Given controller has been initialized">
<kw name="Initialize Controller" library="GameControllerLibrary">
<status status="PASS" starttime="20221117 22:51:30.350" endtime="20221117 22:51:30.350"/>
</kw>
<status status="PASS" starttime="20221117 22:51:30.350" endtime="20221117 22:51:30.350"/>
</kw>
<kw name="When character is created with name &quot;&quot;" sourcename="Character is created with name &quot;${provided}&quot;">
<kw name="Create Character With Name" library="GameControllerLibrary">
<arg>${provided}</arg>
<status status="PASS" starttime="20221117 22:51:30.351" endtime="20221117 22:51:30.351"/>
</kw>
<status status="PASS" starttime="20221117 22:51:30.350" endtime="20221117 22:51:30.351"/>
</kw>
<kw name="Then actual character name is &quot;Character&quot;" sourcename="Actual character name is &quot;${actual}&quot;">
<kw name="Character Name Should Be" library="GameControllerLibrary">
<arg>${actual}</arg>
<status status="PASS" starttime="20221117 22:51:30.351" endtime="20221117 22:51:30.351"/>
</kw>
<status status="PASS" starttime="20221117 22:51:30.351" endtime="20221117 22:51:30.352"/>
</kw>
<status status="PASS" starttime="20221117 22:51:30.349" endtime="20221117 22:51:30.352"/>
</test>
<doc>Example test case using the gherkin syntax.</doc>
<status status="PASS" starttime="20221117 22:51:30.344" endtime="20221117 22:51:30.352"/>
</suite>
<suite id="s1-s3" name="Move" source="/home/runner/work/team-4-snakes-r-us/team-4-snakes-r-us/tests/robot/move.robot">
<test id="s1-s3-t1" name="Move in middle of board" line="7">
<kw name="Move character">
<arg>0</arg>
<arg>0</arg>
<arg>NORTH</arg>
<arg>0</arg>
<arg>1</arg>
<kw name="Initialize Character Xposition With" library="MoveLibrary">
<arg>${startingX}</arg>
<status status="PASS" starttime="20221117 22:51:30.358" endtime="20221117 22:51:30.358"/>
</kw>
<kw name="Initialize Character Yposition With" library="MoveLibrary">
<arg>${startingY}</arg>
<status status="PASS" starttime="20221117 22:51:30.358" endtime="20221117 22:51:30.359"/>
</kw>
<kw name="Move In Direction" library="MoveLibrary">
<arg>${direction}</arg>
<msg timestamp="20221117 22:51:30.359" level="INFO">Set character position state for testing
Moved NORTH</msg>
<status status="PASS" starttime="20221117 22:51:30.359" endtime="20221117 22:51:30.359"/>
</kw>
<kw name="Character Xposition Should Be" library="MoveLibrary">
<arg>${endingX}</arg>
<msg timestamp="20221117 22:51:30.360" level="FAIL">-1 != 0</msg>
<status status="FAIL" starttime="20221117 22:51:30.359" endtime="20221117 22:51:30.360"/>
</kw>
<kw name="Character Yposition Should Be" library="MoveLibrary">
<arg>${endingY}</arg>
<status status="NOT RUN" starttime="20221117 22:51:30.360" endtime="20221117 22:51:30.360"/>
</kw>
<status status="FAIL" starttime="20221117 22:51:30.358" endtime="20221117 22:51:30.361"/>
</kw>
<status status="FAIL" starttime="20221117 22:51:30.357" endtime="20221117 22:51:30.361">-1 != 0</status>
</test>
<test id="s1-s3-t2" name="Move on edge of board" line="8">
<kw name="Move character">
<arg>0</arg>
<arg>0</arg>
<arg>SOUTH</arg>
<arg>0</arg>
<arg>0</arg>
<kw name="Initialize Character Xposition With" library="MoveLibrary">
<arg>${startingX}</arg>
<status status="PASS" starttime="20221117 22:51:30.362" endtime="20221117 22:51:30.362"/>
</kw>
<kw name="Initialize Character Yposition With" library="MoveLibrary">
<arg>${startingY}</arg>
<status status="PASS" starttime="20221117 22:51:30.362" endtime="20221117 22:51:30.363"/>
</kw>
<kw name="Move In Direction" library="MoveLibrary">
<arg>${direction}</arg>
<msg timestamp="20221117 22:51:30.363" level="INFO">Set character position state for testing
Moved SOUTH</msg>
<status status="PASS" starttime="20221117 22:51:30.363" endtime="20221117 22:51:30.363"/>
</kw>
<kw name="Character Xposition Should Be" library="MoveLibrary">
<arg>${endingX}</arg>
<msg timestamp="20221117 22:51:30.363" level="FAIL">-1 != 0</msg>
<status status="FAIL" starttime="20221117 22:51:30.363" endtime="20221117 22:51:30.363"/>
</kw>
<kw name="Character Yposition Should Be" library="MoveLibrary">
<arg>${endingY}</arg>
<status status="NOT RUN" starttime="20221117 22:51:30.364" endtime="20221117 22:51:30.364"/>
</kw>
<status status="FAIL" starttime="20221117 22:51:30.362" endtime="20221117 22:51:30.364"/>
</kw>
<status status="FAIL" starttime="20221117 22:51:30.361" endtime="20221117 22:51:30.364">-1 != 0</status>
</test>
<doc>I want to move my character. If they attempt to move past a boundry, the move results in no change in position.</doc>
<status status="FAIL" starttime="20221117 22:51:30.353" endtime="20221117 22:51:30.365"/>
</suite>
<status status="FAIL" starttime="20221117 22:51:30.313" endtime="20221117 22:51:30.366"/>
</suite>
<statistics>
<total>
<stat pass="4" fail="2" skip="0">All Tests</stat>
</total>
<tag>
</tag>
<suite>
<stat pass="4" fail="2" skip="0" id="s1" name="Robot">Robot</stat>
<stat pass="2" fail="0" skip="0" id="s1-s1" name="Data Driven">Robot.Data Driven</stat>
<stat pass="2" fail="0" skip="0" id="s1-s2" name="Gherkin">Robot.Gherkin</stat>
<stat pass="0" fail="2" skip="0" id="s1-s3" name="Move">Robot.Move</stat>
</suite>
</statistics>
<errors>
</errors>
</robot>
