<?xml version="1.0" encoding="UTF-8"?>
<robot generator="Robot 5.0.1 (Python 3.10.8 on linux)" generated="20221116 23:37:34.402" rpa="false" schemaversion="3">
<suite id="s1" name="Robot" source="/home/runner/work/team-4-snakes-r-us/team-4-snakes-r-us/tests/robot">
<suite id="s1-s1" name="Data Driven" source="/home/runner/work/team-4-snakes-r-us/team-4-snakes-r-us/tests/robot/data_driven.robot">
<test id="s1-s1-t1" name="Arbitrary name" line="7">
<kw name="Start new game with character">
<arg>Trogdor</arg>
<arg>Trogdor</arg>
<kw name="Initialize Controller" library="GameControllerLibrary">
<status status="PASS" starttime="20221116 23:37:34.436" endtime="20221116 23:37:34.436"/>
</kw>
<kw name="Create Character With Name" library="GameControllerLibrary">
<arg>${provided}</arg>
<status status="PASS" starttime="20221116 23:37:34.437" endtime="20221116 23:37:34.437"/>
</kw>
<kw name="Character Name Should Be" library="GameControllerLibrary">
<arg>${actual}</arg>
<status status="PASS" starttime="20221116 23:37:34.437" endtime="20221116 23:37:34.437"/>
</kw>
<status status="PASS" starttime="20221116 23:37:34.436" endtime="20221116 23:37:34.437"/>
</kw>
<status status="PASS" starttime="20221116 23:37:34.435" endtime="20221116 23:37:34.438"/>
</test>
<test id="s1-s1-t2" name="Blank character name" line="8">
<kw name="Start new game with character">
<arg>${EMPTY}</arg>
<arg>Character</arg>
<kw name="Initialize Controller" library="GameControllerLibrary">
<status status="PASS" starttime="20221116 23:37:34.439" endtime="20221116 23:37:34.440"/>
</kw>
<kw name="Create Character With Name" library="GameControllerLibrary">
<arg>${provided}</arg>
<status status="PASS" starttime="20221116 23:37:34.440" endtime="20221116 23:37:34.440"/>
</kw>
<kw name="Character Name Should Be" library="GameControllerLibrary">
<arg>${actual}</arg>
<status status="PASS" starttime="20221116 23:37:34.440" endtime="20221116 23:37:34.440"/>
</kw>
<status status="PASS" starttime="20221116 23:37:34.438" endtime="20221116 23:37:34.441"/>
</kw>
<status status="PASS" starttime="20221116 23:37:34.438" endtime="20221116 23:37:34.441"/>
</test>
<doc>Example test case using the data-driven (table) syntax.</doc>
<status status="PASS" starttime="20221116 23:37:34.428" endtime="20221116 23:37:34.442"/>
</suite>
<suite id="s1-s2" name="Gherkin" source="/home/runner/work/team-4-snakes-r-us/team-4-snakes-r-us/tests/robot/gherkin.robot">
<test id="s1-s2-t1" name="Game controller initialized with character name" line="6">
<kw name="Given controller has been initialized">
<kw name="Initialize Controller" library="GameControllerLibrary">
<status status="PASS" starttime="20221116 23:37:34.446" endtime="20221116 23:37:34.447"/>
</kw>
<status status="PASS" starttime="20221116 23:37:34.446" endtime="20221116 23:37:34.447"/>
</kw>
<kw name="When character is created with name &quot;ArbitraryName&quot;" sourcename="Character is created with name &quot;${provided}&quot;">
<kw name="Create Character With Name" library="GameControllerLibrary">
<arg>${provided}</arg>
<status status="PASS" starttime="20221116 23:37:34.447" endtime="20221116 23:37:34.447"/>
</kw>
<status status="PASS" starttime="20221116 23:37:34.447" endtime="20221116 23:37:34.448"/>
</kw>
<kw name="Then actual character name is &quot;ArbitraryName&quot;" sourcename="Actual character name is &quot;${actual}&quot;">
<kw name="Character Name Should Be" library="GameControllerLibrary">
<arg>${actual}</arg>
<status status="PASS" starttime="20221116 23:37:34.448" endtime="20221116 23:37:34.448"/>
</kw>
<status status="PASS" starttime="20221116 23:37:34.448" endtime="20221116 23:37:34.448"/>
</kw>
<status status="PASS" starttime="20221116 23:37:34.446" endtime="20221116 23:37:34.448"/>
</test>
<test id="s1-s2-t2" name="Game controller initialized without character name" line="11">
<kw name="Given controller has been initialized">
<kw name="Initialize Controller" library="GameControllerLibrary">
<status status="PASS" starttime="20221116 23:37:34.450" endtime="20221116 23:37:34.450"/>
</kw>
<status status="PASS" starttime="20221116 23:37:34.449" endtime="20221116 23:37:34.450"/>
</kw>
<kw name="When character is created with name &quot;&quot;" sourcename="Character is created with name &quot;${provided}&quot;">
<kw name="Create Character With Name" library="GameControllerLibrary">
<arg>${provided}</arg>
<status status="PASS" starttime="20221116 23:37:34.450" endtime="20221116 23:37:34.451"/>
</kw>
<status status="PASS" starttime="20221116 23:37:34.450" endtime="20221116 23:37:34.451"/>
</kw>
<kw name="Then actual character name is &quot;Character&quot;" sourcename="Actual character name is &quot;${actual}&quot;">
<kw name="Character Name Should Be" library="GameControllerLibrary">
<arg>${actual}</arg>
<status status="PASS" starttime="20221116 23:37:34.451" endtime="20221116 23:37:34.451"/>
</kw>
<status status="PASS" starttime="20221116 23:37:34.451" endtime="20221116 23:37:34.452"/>
</kw>
<status status="PASS" starttime="20221116 23:37:34.449" endtime="20221116 23:37:34.452"/>
</test>
<doc>Example test case using the gherkin syntax.</doc>
<status status="PASS" starttime="20221116 23:37:34.443" endtime="20221116 23:37:34.452"/>
</suite>
<suite id="s1-s3" name="Move" source="/home/runner/work/team-4-snakes-r-us/team-4-snakes-r-us/tests/robot/move.robot">
<test id="s1-s3-t1" name="Move in middle of board 0" line="7">
<kw name="Move character">
<arg>0</arg>
<arg>North</arg>
<arg>0</arg>
<arg>1</arg>
<msg timestamp="20221116 23:37:34.456" level="FAIL">Keyword 'Move character' expected 0 arguments, got 4.</msg>
<status status="FAIL" starttime="20221116 23:37:34.455" endtime="20221116 23:37:34.456"/>
</kw>
<status status="FAIL" starttime="20221116 23:37:34.455" endtime="20221116 23:37:34.456">Keyword 'Move character' expected 0 arguments, got 4.</status>
</test>
<test id="s1-s3-t2" name="Move on edge of board" line="8">
<kw name="Move character">
<arg>0</arg>
<arg>0</arg>
<arg>South</arg>
<arg>0</arg>
<arg>0</arg>
<msg timestamp="20221116 23:37:34.457" level="FAIL">Keyword 'Move character' expected 0 arguments, got 5.</msg>
<status status="FAIL" starttime="20221116 23:37:34.457" endtime="20221116 23:37:34.457"/>
</kw>
<status status="FAIL" starttime="20221116 23:37:34.457" endtime="20221116 23:37:34.458">Keyword 'Move character' expected 0 arguments, got 5.</status>
</test>
<status status="FAIL" starttime="20221116 23:37:34.453" endtime="20221116 23:37:34.458"/>
</suite>
<status status="FAIL" starttime="20221116 23:37:34.403" endtime="20221116 23:37:34.459"/>
</suite>
<statistics>
<total>
<stat pass="4" fail="2" skip="0">All Tests</stat>
</total>
<tag>
</tag>
<suite>
<stat pass="4" fail="2" skip="0" id="s1" name="Robot">Robot</stat>
<stat pass="2" fail="0" skip="0" id="s1-s1" name="Data Driven">Robot.Data Driven</stat>
<stat pass="2" fail="0" skip="0" id="s1-s2" name="Gherkin">Robot.Gherkin</stat>
<stat pass="0" fail="2" skip="0" id="s1-s3" name="Move">Robot.Move</stat>
</suite>
</statistics>
<errors>
<msg timestamp="20221116 23:37:34.400" level="ERROR">Error in file '/home/runner/work/team-4-snakes-r-us/team-4-snakes-r-us/tests/robot/move.robot' on line 2: Non-existing setting 'Description'.</msg>
<msg timestamp="20221116 23:37:34.454" level="ERROR">Error in file '/home/runner/work/team-4-snakes-r-us/team-4-snakes-r-us/tests/robot/move.robot' on line 4: Library 'Move.python.py' does not exist.</msg>
</errors>
</robot>
