<?xml version="1.0" encoding="UTF-8"?>
<robot generator="Robot 5.0.1 (Python 3.10.8 on linux)" generated="20221117 17:26:58.947" rpa="false" schemaversion="3">
<suite id="s1" name="Robot" source="/home/runner/work/team-4-snakes-r-us/team-4-snakes-r-us/tests/robot">
<suite id="s1-s1" name="Data Driven" source="/home/runner/work/team-4-snakes-r-us/team-4-snakes-r-us/tests/robot/data_driven.robot">
<test id="s1-s1-t1" name="Arbitrary name" line="7">
<kw name="Start new game with character">
<arg>Trogdor</arg>
<arg>Trogdor</arg>
<kw name="Initialize Controller" library="GameControllerLibrary">
<status status="PASS" starttime="20221117 17:26:58.983" endtime="20221117 17:26:58.983"/>
</kw>
<kw name="Create Character With Name" library="GameControllerLibrary">
<arg>${provided}</arg>
<status status="PASS" starttime="20221117 17:26:58.984" endtime="20221117 17:26:58.984"/>
</kw>
<kw name="Character Name Should Be" library="GameControllerLibrary">
<arg>${actual}</arg>
<status status="PASS" starttime="20221117 17:26:58.984" endtime="20221117 17:26:58.985"/>
</kw>
<status status="PASS" starttime="20221117 17:26:58.983" endtime="20221117 17:26:58.985"/>
</kw>
<status status="PASS" starttime="20221117 17:26:58.982" endtime="20221117 17:26:58.985"/>
</test>
<test id="s1-s1-t2" name="Blank character name" line="8">
<kw name="Start new game with character">
<arg>${EMPTY}</arg>
<arg>Character</arg>
<kw name="Initialize Controller" library="GameControllerLibrary">
<status status="PASS" starttime="20221117 17:26:58.987" endtime="20221117 17:26:58.987"/>
</kw>
<kw name="Create Character With Name" library="GameControllerLibrary">
<arg>${provided}</arg>
<status status="PASS" starttime="20221117 17:26:58.987" endtime="20221117 17:26:58.987"/>
</kw>
<kw name="Character Name Should Be" library="GameControllerLibrary">
<arg>${actual}</arg>
<status status="PASS" starttime="20221117 17:26:58.987" endtime="20221117 17:26:58.988"/>
</kw>
<status status="PASS" starttime="20221117 17:26:58.986" endtime="20221117 17:26:58.988"/>
</kw>
<status status="PASS" starttime="20221117 17:26:58.986" endtime="20221117 17:26:58.988"/>
</test>
<doc>Example test case using the data-driven (table) syntax.</doc>
<status status="PASS" starttime="20221117 17:26:58.975" endtime="20221117 17:26:58.989"/>
</suite>
<suite id="s1-s2" name="Gherkin" source="/home/runner/work/team-4-snakes-r-us/team-4-snakes-r-us/tests/robot/gherkin.robot">
<test id="s1-s2-t1" name="Game controller initialized with character name" line="6">
<kw name="Given controller has been initialized">
<kw name="Initialize Controller" library="GameControllerLibrary">
<status status="PASS" starttime="20221117 17:26:58.994" endtime="20221117 17:26:58.994"/>
</kw>
<status status="PASS" starttime="20221117 17:26:58.994" endtime="20221117 17:26:58.994"/>
</kw>
<kw name="When character is created with name &quot;ArbitraryName&quot;" sourcename="Character is created with name &quot;${provided}&quot;">
<kw name="Create Character With Name" library="GameControllerLibrary">
<arg>${provided}</arg>
<status status="PASS" starttime="20221117 17:26:58.995" endtime="20221117 17:26:58.995"/>
</kw>
<status status="PASS" starttime="20221117 17:26:58.995" endtime="20221117 17:26:58.995"/>
</kw>
<kw name="Then actual character name is &quot;ArbitraryName&quot;" sourcename="Actual character name is &quot;${actual}&quot;">
<kw name="Character Name Should Be" library="GameControllerLibrary">
<arg>${actual}</arg>
<status status="PASS" starttime="20221117 17:26:58.996" endtime="20221117 17:26:58.996"/>
</kw>
<status status="PASS" starttime="20221117 17:26:58.995" endtime="20221117 17:26:58.996"/>
</kw>
<status status="PASS" starttime="20221117 17:26:58.993" endtime="20221117 17:26:58.996"/>
</test>
<test id="s1-s2-t2" name="Game controller initialized without character name" line="11">
<kw name="Given controller has been initialized">
<kw name="Initialize Controller" library="GameControllerLibrary">
<status status="PASS" starttime="20221117 17:26:58.998" endtime="20221117 17:26:58.998"/>
</kw>
<status status="PASS" starttime="20221117 17:26:58.997" endtime="20221117 17:26:58.998"/>
</kw>
<kw name="When character is created with name &quot;&quot;" sourcename="Character is created with name &quot;${provided}&quot;">
<kw name="Create Character With Name" library="GameControllerLibrary">
<arg>${provided}</arg>
<status status="PASS" starttime="20221117 17:26:58.998" endtime="20221117 17:26:58.999"/>
</kw>
<status status="PASS" starttime="20221117 17:26:58.998" endtime="20221117 17:26:58.999"/>
</kw>
<kw name="Then actual character name is &quot;Character&quot;" sourcename="Actual character name is &quot;${actual}&quot;">
<kw name="Character Name Should Be" library="GameControllerLibrary">
<arg>${actual}</arg>
<status status="PASS" starttime="20221117 17:26:58.999" endtime="20221117 17:26:58.999"/>
</kw>
<status status="PASS" starttime="20221117 17:26:58.999" endtime="20221117 17:26:58.999"/>
</kw>
<status status="PASS" starttime="20221117 17:26:58.997" endtime="20221117 17:26:59.000"/>
</test>
<doc>Example test case using the gherkin syntax.</doc>
<status status="PASS" starttime="20221117 17:26:58.990" endtime="20221117 17:26:59.000"/>
</suite>
<suite id="s1-s3" name="Move" source="/home/runner/work/team-4-snakes-r-us/team-4-snakes-r-us/tests/robot/move.robot">
<test id="s1-s3-t1" name="Move in middle of board" line="7">
<kw name="Move character">
<arg>0</arg>
<arg>0</arg>
<arg>North</arg>
<arg>0</arg>
<arg>1</arg>
<kw name="Initialize Character Xposition With" library="MoveLibrary">
<arg>${startingX}</arg>
<status status="PASS" starttime="20221117 17:26:59.007" endtime="20221117 17:26:59.008"/>
</kw>
<kw name="Initialize Character Yposition With" library="MoveLibrary">
<arg>${startingY}</arg>
<status status="PASS" starttime="20221117 17:26:59.008" endtime="20221117 17:26:59.008"/>
</kw>
<kw name="Move In Direction" library="MoveLibrary">
<arg>${direction}</arg>
<msg timestamp="20221117 17:26:59.009" level="FAIL">AttributeError: 'GameController' object has no attribute 'set_character_position'</msg>
<status status="FAIL" starttime="20221117 17:26:59.008" endtime="20221117 17:26:59.009"/>
</kw>
<kw name="Character Xposition Should Be" library="MoveLibrary">
<arg>${endingX}</arg>
<status status="NOT RUN" starttime="20221117 17:26:59.009" endtime="20221117 17:26:59.009"/>
</kw>
<kw name="Character Yposition Should Be" library="MoveLibrary">
<arg>${endingY}</arg>
<status status="NOT RUN" starttime="20221117 17:26:59.009" endtime="20221117 17:26:59.010"/>
</kw>
<status status="FAIL" starttime="20221117 17:26:59.007" endtime="20221117 17:26:59.010"/>
</kw>
<status status="FAIL" starttime="20221117 17:26:59.006" endtime="20221117 17:26:59.010">AttributeError: 'GameController' object has no attribute 'set_character_position'</status>
</test>
<test id="s1-s3-t2" name="Move on edge of board" line="8">
<kw name="Move character">
<arg>0</arg>
<arg>0</arg>
<arg>South</arg>
<arg>0</arg>
<arg>0</arg>
<kw name="Initialize Character Xposition With" library="MoveLibrary">
<arg>${startingX}</arg>
<status status="PASS" starttime="20221117 17:26:59.012" endtime="20221117 17:26:59.012"/>
</kw>
<kw name="Initialize Character Yposition With" library="MoveLibrary">
<arg>${startingY}</arg>
<status status="PASS" starttime="20221117 17:26:59.012" endtime="20221117 17:26:59.013"/>
</kw>
<kw name="Move In Direction" library="MoveLibrary">
<arg>${direction}</arg>
<msg timestamp="20221117 17:26:59.013" level="FAIL">AttributeError: 'GameController' object has no attribute 'set_character_position'</msg>
<status status="FAIL" starttime="20221117 17:26:59.013" endtime="20221117 17:26:59.013"/>
</kw>
<kw name="Character Xposition Should Be" library="MoveLibrary">
<arg>${endingX}</arg>
<status status="NOT RUN" starttime="20221117 17:26:59.014" endtime="20221117 17:26:59.014"/>
</kw>
<kw name="Character Yposition Should Be" library="MoveLibrary">
<arg>${endingY}</arg>
<status status="NOT RUN" starttime="20221117 17:26:59.014" endtime="20221117 17:26:59.014"/>
</kw>
<status status="FAIL" starttime="20221117 17:26:59.012" endtime="20221117 17:26:59.014"/>
</kw>
<status status="FAIL" starttime="20221117 17:26:59.011" endtime="20221117 17:26:59.015">AttributeError: 'GameController' object has no attribute 'set_character_position'</status>
</test>
<doc>I want to move my character. If they attempt to move past a boundry, the move results in no change in position.</doc>
<status status="FAIL" starttime="20221117 17:26:59.002" endtime="20221117 17:26:59.016"/>
</suite>
<status status="FAIL" starttime="20221117 17:26:58.948" endtime="20221117 17:26:59.017"/>
</suite>
<statistics>
<total>
<stat pass="4" fail="2" skip="0">All Tests</stat>
</total>
<tag>
</tag>
<suite>
<stat pass="4" fail="2" skip="0" id="s1" name="Robot">Robot</stat>
<stat pass="2" fail="0" skip="0" id="s1-s1" name="Data Driven">Robot.Data Driven</stat>
<stat pass="2" fail="0" skip="0" id="s1-s2" name="Gherkin">Robot.Gherkin</stat>
<stat pass="0" fail="2" skip="0" id="s1-s3" name="Move">Robot.Move</stat>
</suite>
</statistics>
<errors>
</errors>
</robot>
