<?xml version="1.0" encoding="UTF-8"?>
<robot generator="Robot 5.0.1 (Python 3.10.8 on linux)" generated="20221118 16:47:03.112" rpa="false" schemaversion="3">
<suite id="s1" name="Robot" source="/home/runner/work/team-4-snakes-r-us/team-4-snakes-r-us/tests/robot">
<suite id="s1-s1" name="Data Driven" source="/home/runner/work/team-4-snakes-r-us/team-4-snakes-r-us/tests/robot/data_driven.robot">
<test id="s1-s1-t1" name="Arbitrary name" line="7">
<kw name="Start new game with character">
<arg>Trogdor</arg>
<arg>Trogdor</arg>
<kw name="Initialize controller">
<msg timestamp="20221118 16:47:03.147" level="FAIL">No keyword with name 'Initialize controller' found.</msg>
<status status="FAIL" starttime="20221118 16:47:03.146" endtime="20221118 16:47:03.147"/>
</kw>
<kw name="Create character with name">
<arg>${provided}</arg>
<status status="NOT RUN" starttime="20221118 16:47:03.149" endtime="20221118 16:47:03.149"/>
</kw>
<kw name="Character name should be">
<arg>${actual}</arg>
<status status="NOT RUN" starttime="20221118 16:47:03.151" endtime="20221118 16:47:03.151"/>
</kw>
<status status="FAIL" starttime="20221118 16:47:03.144" endtime="20221118 16:47:03.151"/>
</kw>
<status status="FAIL" starttime="20221118 16:47:03.144" endtime="20221118 16:47:03.152">No keyword with name 'Initialize controller' found.</status>
</test>
<test id="s1-s1-t2" name="Blank character name" line="8">
<kw name="Start new game with character">
<arg>${EMPTY}</arg>
<arg>Character</arg>
<kw name="Initialize controller">
<msg timestamp="20221118 16:47:03.155" level="FAIL">No keyword with name 'Initialize controller' found.</msg>
<status status="FAIL" starttime="20221118 16:47:03.155" endtime="20221118 16:47:03.155"/>
</kw>
<kw name="Create character with name">
<arg>${provided}</arg>
<status status="NOT RUN" starttime="20221118 16:47:03.157" endtime="20221118 16:47:03.157"/>
</kw>
<kw name="Character name should be">
<arg>${actual}</arg>
<status status="NOT RUN" starttime="20221118 16:47:03.159" endtime="20221118 16:47:03.159"/>
</kw>
<status status="FAIL" starttime="20221118 16:47:03.153" endtime="20221118 16:47:03.159"/>
</kw>
<status status="FAIL" starttime="20221118 16:47:03.152" endtime="20221118 16:47:03.160">No keyword with name 'Initialize controller' found.</status>
</test>
<doc>Example test case using the data-driven (table) syntax.</doc>
<status status="FAIL" starttime="20221118 16:47:03.138" endtime="20221118 16:47:03.160"/>
</suite>
<suite id="s1-s2" name="Gherkin" source="/home/runner/work/team-4-snakes-r-us/team-4-snakes-r-us/tests/robot/gherkin.robot">
<test id="s1-s2-t1" name="Game controller initialized with character name" line="6">
<kw name="Given controller has been initialized">
<kw name="Initialize controller">
<msg timestamp="20221118 16:47:03.168" level="FAIL">No keyword with name 'Initialize controller' found.</msg>
<status status="FAIL" starttime="20221118 16:47:03.168" endtime="20221118 16:47:03.168"/>
</kw>
<status status="FAIL" starttime="20221118 16:47:03.166" endtime="20221118 16:47:03.169"/>
</kw>
<kw name="When character is created with name &quot;ArbitraryName&quot;" sourcename="Character is created with name &quot;${provided}&quot;">
<status status="NOT RUN" starttime="20221118 16:47:03.169" endtime="20221118 16:47:03.169"/>
</kw>
<kw name="Then actual character name is &quot;ArbitraryName&quot;" sourcename="Actual character name is &quot;${actual}&quot;">
<status status="NOT RUN" starttime="20221118 16:47:03.169" endtime="20221118 16:47:03.169"/>
</kw>
<status status="FAIL" starttime="20221118 16:47:03.165" endtime="20221118 16:47:03.170">No keyword with name 'Initialize controller' found.</status>
</test>
<test id="s1-s2-t2" name="Game controller initialized without character name" line="11">
<kw name="Given controller has been initialized">
<kw name="Initialize controller">
<msg timestamp="20221118 16:47:03.172" level="FAIL">No keyword with name 'Initialize controller' found.</msg>
<status status="FAIL" starttime="20221118 16:47:03.172" endtime="20221118 16:47:03.172"/>
</kw>
<status status="FAIL" starttime="20221118 16:47:03.170" endtime="20221118 16:47:03.173"/>
</kw>
<kw name="When character is created with name &quot;&quot;" sourcename="Character is created with name &quot;${provided}&quot;">
<status status="NOT RUN" starttime="20221118 16:47:03.173" endtime="20221118 16:47:03.173"/>
</kw>
<kw name="Then actual character name is &quot;Character&quot;" sourcename="Actual character name is &quot;${actual}&quot;">
<status status="NOT RUN" starttime="20221118 16:47:03.174" endtime="20221118 16:47:03.174"/>
</kw>
<status status="FAIL" starttime="20221118 16:47:03.170" endtime="20221118 16:47:03.174">No keyword with name 'Initialize controller' found.</status>
</test>
<doc>Example test case using the gherkin syntax.</doc>
<status status="FAIL" starttime="20221118 16:47:03.161" endtime="20221118 16:47:03.174"/>
</suite>
<suite id="s1-s3" name="Move" source="/home/runner/work/team-4-snakes-r-us/team-4-snakes-r-us/tests/robot/move.robot">
<test id="s1-s3-t1" name="Move in middle of board" line="7">
<kw name="Move character">
<arg>0</arg>
<arg>0</arg>
<arg>NORTH</arg>
<arg>0</arg>
<arg>1</arg>
<kw name="Initialize character xposition with">
<arg>${startingX}</arg>
<msg timestamp="20221118 16:47:03.182" level="FAIL">No keyword with name 'Initialize character xposition with' found.</msg>
<status status="FAIL" starttime="20221118 16:47:03.182" endtime="20221118 16:47:03.182"/>
</kw>
<kw name="Initialize character yposition with">
<arg>${startingY}</arg>
<status status="NOT RUN" starttime="20221118 16:47:03.185" endtime="20221118 16:47:03.185"/>
</kw>
<kw name="Move in direction">
<arg>${direction}</arg>
<status status="NOT RUN" starttime="20221118 16:47:03.186" endtime="20221118 16:47:03.186"/>
</kw>
<kw name="Character xposition should be">
<arg>${endingX}</arg>
<status status="NOT RUN" starttime="20221118 16:47:03.188" endtime="20221118 16:47:03.188"/>
</kw>
<kw name="Character yposition should be">
<arg>${endingY}</arg>
<status status="NOT RUN" starttime="20221118 16:47:03.189" endtime="20221118 16:47:03.189"/>
</kw>
<status status="FAIL" starttime="20221118 16:47:03.180" endtime="20221118 16:47:03.190"/>
</kw>
<status status="FAIL" starttime="20221118 16:47:03.179" endtime="20221118 16:47:03.190">No keyword with name 'Initialize character xposition with' found.</status>
</test>
<test id="s1-s3-t2" name="Move on edge of board" line="8">
<kw name="Move character">
<arg>0</arg>
<arg>0</arg>
<arg>SOUTH</arg>
<arg>0</arg>
<arg>0</arg>
<kw name="Initialize character xposition with">
<arg>${startingX}</arg>
<msg timestamp="20221118 16:47:03.193" level="FAIL">No keyword with name 'Initialize character xposition with' found.</msg>
<status status="FAIL" starttime="20221118 16:47:03.193" endtime="20221118 16:47:03.193"/>
</kw>
<kw name="Initialize character yposition with">
<arg>${startingY}</arg>
<status status="NOT RUN" starttime="20221118 16:47:03.194" endtime="20221118 16:47:03.194"/>
</kw>
<kw name="Move in direction">
<arg>${direction}</arg>
<status status="NOT RUN" starttime="20221118 16:47:03.196" endtime="20221118 16:47:03.196"/>
</kw>
<kw name="Character xposition should be">
<arg>${endingX}</arg>
<status status="NOT RUN" starttime="20221118 16:47:03.197" endtime="20221118 16:47:03.197"/>
</kw>
<kw name="Character yposition should be">
<arg>${endingY}</arg>
<status status="NOT RUN" starttime="20221118 16:47:03.199" endtime="20221118 16:47:03.199"/>
</kw>
<status status="FAIL" starttime="20221118 16:47:03.191" endtime="20221118 16:47:03.199"/>
</kw>
<status status="FAIL" starttime="20221118 16:47:03.190" endtime="20221118 16:47:03.200">No keyword with name 'Initialize character xposition with' found.</status>
</test>
<doc>I want to move my character. If they attempt to move past a boundry, the move results in no change in position.</doc>
<status status="FAIL" starttime="20221118 16:47:03.175" endtime="20221118 16:47:03.200"/>
</suite>
<status status="FAIL" starttime="20221118 16:47:03.113" endtime="20221118 16:47:03.201"/>
</suite>
<statistics>
<total>
<stat pass="0" fail="6" skip="0">All Tests</stat>
</total>
<tag>
</tag>
<suite>
<stat pass="0" fail="6" skip="0" id="s1" name="Robot">Robot</stat>
<stat pass="0" fail="2" skip="0" id="s1-s1" name="Data Driven">Robot.Data Driven</stat>
<stat pass="0" fail="2" skip="0" id="s1-s2" name="Gherkin">Robot.Gherkin</stat>
<stat pass="0" fail="2" skip="0" id="s1-s3" name="Move">Robot.Move</stat>
</suite>
</statistics>
<errors>
<msg timestamp="20221118 16:47:03.142" level="ERROR">Error in file '/home/runner/work/team-4-snakes-r-us/team-4-snakes-r-us/tests/robot/data_driven.robot' on line 4: Importing library '/home/runner/work/team-4-snakes-r-us/team-4-snakes-r-us/tests/robot/GameControllerLibrary.py' failed: IndentationError: expected an indented block after function definition on line 37 (character.py, line 40)
Traceback (most recent call last):
  File "/home/runner/work/team-4-snakes-r-us/team-4-snakes-r-us/tests/robot/GameControllerLibrary.py", line 1, in &lt;module&gt;
    from levelup.controller import GameController
  File "/home/runner/work/team-4-snakes-r-us/team-4-snakes-r-us/src/levelup/controller.py", line 3, in &lt;module&gt;
    from levelup.character import Character
PYTHONPATH:
  /home/runner/work/team-4-snakes-r-us/team-4-snakes-r-us/tests/robot
  /opt/hostedtoolcache/Python/3.10.8/x64/bin
  /home/runner/work/team-4-snakes-r-us/team-4-snakes-r-us/src
  /opt/hostedtoolcache/Python/3.10.8/x64/lib/python310.zip
  /opt/hostedtoolcache/Python/3.10.8/x64/lib/python3.10
  /opt/hostedtoolcache/Python/3.10.8/x64/lib/python3.10/lib-dynload
  /opt/hostedtoolcache/Python/3.10.8/x64/lib/python3.10/site-packages</msg>
<msg timestamp="20221118 16:47:03.165" level="ERROR">Error in file '/home/runner/work/team-4-snakes-r-us/team-4-snakes-r-us/tests/robot/gherkin.robot' on line 3: Importing library '/home/runner/work/team-4-snakes-r-us/team-4-snakes-r-us/tests/robot/GameControllerLibrary.py' failed: IndentationError: expected an indented block after function definition on line 37 (character.py, line 40)
Traceback (most recent call last):
  File "/home/runner/work/team-4-snakes-r-us/team-4-snakes-r-us/tests/robot/GameControllerLibrary.py", line 1, in &lt;module&gt;
    from levelup.controller import GameController
  File "/home/runner/work/team-4-snakes-r-us/team-4-snakes-r-us/src/levelup/controller.py", line 3, in &lt;module&gt;
    from levelup.character import Character
PYTHONPATH:
  /home/runner/work/team-4-snakes-r-us/team-4-snakes-r-us/tests/robot
  /opt/hostedtoolcache/Python/3.10.8/x64/bin
  /home/runner/work/team-4-snakes-r-us/team-4-snakes-r-us/src
  /opt/hostedtoolcache/Python/3.10.8/x64/lib/python310.zip
  /opt/hostedtoolcache/Python/3.10.8/x64/lib/python3.10
  /opt/hostedtoolcache/Python/3.10.8/x64/lib/python3.10/lib-dynload
  /opt/hostedtoolcache/Python/3.10.8/x64/lib/python3.10/site-packages</msg>
<msg timestamp="20221118 16:47:03.178" level="ERROR">Error in file '/home/runner/work/team-4-snakes-r-us/team-4-snakes-r-us/tests/robot/move.robot' on line 4: Importing library '/home/runner/work/team-4-snakes-r-us/team-4-snakes-r-us/tests/robot/MoveLibrary.py' failed: IndentationError: expected an indented block after function definition on line 37 (character.py, line 40)
Traceback (most recent call last):
  File "/home/runner/work/team-4-snakes-r-us/team-4-snakes-r-us/tests/robot/MoveLibrary.py", line 1, in &lt;module&gt;
    from levelup.controller import GameController
  File "/home/runner/work/team-4-snakes-r-us/team-4-snakes-r-us/src/levelup/controller.py", line 3, in &lt;module&gt;
    from levelup.character import Character
PYTHONPATH:
  /home/runner/work/team-4-snakes-r-us/team-4-snakes-r-us/tests/robot
  /opt/hostedtoolcache/Python/3.10.8/x64/bin
  /home/runner/work/team-4-snakes-r-us/team-4-snakes-r-us/src
  /opt/hostedtoolcache/Python/3.10.8/x64/lib/python310.zip
  /opt/hostedtoolcache/Python/3.10.8/x64/lib/python3.10
  /opt/hostedtoolcache/Python/3.10.8/x64/lib/python3.10/lib-dynload
  /opt/hostedtoolcache/Python/3.10.8/x64/lib/python3.10/site-packages</msg>
</errors>
</robot>
